<?xml version="1.0" ?>
<!DOCTYPE coverage SYSTEM "http://cobertura.sourceforge.net/xml/coverage-04.dtd">
<coverage lines-valid="7514"  lines-covered="4933"  line-rate="0.6565000000000001"  branches-valid="3538"  branches-covered="1768"  branch-rate="0.4997"  timestamp="1445574390256" complexity="0" version="0.1">
<sources>
	<source>/Users/nem/code/github/thirdparties/angular-google-maps</source>
</sources>
<packages>
	<package name="dist"  line-rate="0.6565000000000001"  branch-rate="0.4997" >
	<classes>
		<class name="angular-google-maps.js"  filename="dist/angular-google-maps.js"  line-rate="0.6565000000000001"  branch-rate="0.4997" >
		<methods>
			<method name="(anonymous_1)"  hits="1"  signature="()V" >
				<lines><line number="6"  hits="1" /></lines>
			</method>
			<method name="(anonymous_2)"  hits="1"  signature="()V" >
				<lines><line number="40"  hits="1" /></lines>
			</method>
			<method name="(anonymous_3)"  hits="1"  signature="()V" >
				<lines><line number="64"  hits="1" /></lines>
			</method>
			<method name="(anonymous_4)"  hits="54"  signature="()V" >
				<lines><line number="66"  hits="54" /></lines>
			</method>
			<method name="(anonymous_5)"  hits="3"  signature="()V" >
				<lines><line number="69"  hits="3" /></lines>
			</method>
			<method name="(anonymous_6)"  hits="3"  signature="()V" >
				<lines><line number="80"  hits="3" /></lines>
			</method>
			<method name="(anonymous_7)"  hits="17"  signature="()V" >
				<lines><line number="86"  hits="17" /></lines>
			</method>
			<method name="(anonymous_8)"  hits="55"  signature="()V" >
				<lines><line number="100"  hits="55" /></lines>
			</method>
			<method name="(anonymous_9)"  hits="54"  signature="()V" >
				<lines><line number="104"  hits="54" /></lines>
			</method>
			<method name="(anonymous_10)"  hits="0"  signature="()V" >
				<lines><line number="112"  hits="0" /></lines>
			</method>
			<method name="(anonymous_11)"  hits="1"  signature="()V" >
				<lines><line number="117"  hits="1" /></lines>
			</method>
			<method name="(anonymous_12)"  hits="236"  signature="()V" >
				<lines><line number="129"  hits="236" /></lines>
			</method>
			<method name="(anonymous_13)"  hits="3"  signature="()V" >
				<lines><line number="139"  hits="3" /></lines>
			</method>
			<method name="(anonymous_14)"  hits="236"  signature="()V" >
				<lines><line number="143"  hits="236" /></lines>
			</method>
			<method name="(anonymous_15)"  hits="51"  signature="()V" >
				<lines><line number="144"  hits="51" /></lines>
			</method>
			<method name="(anonymous_16)"  hits="1"  signature="()V" >
				<lines><line number="153"  hits="1" /></lines>
			</method>
			<method name="(anonymous_17)"  hits="0"  signature="()V" >
				<lines><line number="154"  hits="0" /></lines>
			</method>
			<method name="(anonymous_18)"  hits="0"  signature="()V" >
				<lines><line number="154"  hits="0" /></lines>
			</method>
			<method name="(anonymous_19)"  hits="41"  signature="()V" >
				<lines><line number="155"  hits="41" /></lines>
			</method>
			<method name="ctor"  hits="41"  signature="()V" >
				<lines><line number="155"  hits="41" /></lines>
			</method>
			<method name="(anonymous_21)"  hits="42"  signature="()V" >
				<lines><line number="158"  hits="42" /></lines>
			</method>
			<method name="(anonymous_22)"  hits="41"  signature="()V" >
				<lines><line number="160"  hits="41" /></lines>
			</method>
			<method name="(anonymous_23)"  hits="0"  signature="()V" >
				<lines><line number="168"  hits="0" /></lines>
			</method>
			<method name="(anonymous_24)"  hits="0"  signature="()V" >
				<lines><line number="175"  hits="0" /></lines>
			</method>
			<method name="(anonymous_25)"  hits="9"  signature="()V" >
				<lines><line number="182"  hits="9" /></lines>
			</method>
			<method name="(anonymous_26)"  hits="0"  signature="()V" >
				<lines><line number="201"  hits="0" /></lines>
			</method>
			<method name="(anonymous_27)"  hits="0"  signature="()V" >
				<lines><line number="205"  hits="0" /></lines>
			</method>
			<method name="(anonymous_28)"  hits="0"  signature="()V" >
				<lines><line number="209"  hits="0" /></lines>
			</method>
			<method name="(anonymous_29)"  hits="41"  signature="()V" >
				<lines><line number="219"  hits="41" /></lines>
			</method>
			<method name="uiGmapInfoBox"  hits="0"  signature="()V" >
				<lines><line number="222"  hits="0" /></lines>
			</method>
			<method name="(anonymous_31)"  hits="0"  signature="()V" >
				<lines><line number="233"  hits="0" /></lines>
			</method>
			<method name="(anonymous_32)"  hits="0"  signature="()V" >
				<lines><line number="237"  hits="0" /></lines>
			</method>
			<method name="(anonymous_33)"  hits="0"  signature="()V" >
				<lines><line number="244"  hits="0" /></lines>
			</method>
			<method name="(anonymous_34)"  hits="0"  signature="()V" >
				<lines><line number="266"  hits="0" /></lines>
			</method>
			<method name="(anonymous_35)"  hits="1"  signature="()V" >
				<lines><line number="291"  hits="1" /></lines>
			</method>
			<method name="(anonymous_36)"  hits="76"  signature="()V" >
				<lines><line number="292"  hits="76" /></lines>
			</method>
			<method name="(anonymous_37)"  hits="0"  signature="()V" >
				<lines><line number="306"  hits="0" /></lines>
			</method>
			<method name="(anonymous_38)"  hits="0"  signature="()V" >
				<lines><line number="322"  hits="0" /></lines>
			</method>
			<method name="(anonymous_39)"  hits="0"  signature="()V" >
				<lines><line number="337"  hits="0" /></lines>
			</method>
			<method name="(anonymous_40)"  hits="0"  signature="()V" >
				<lines><line number="343"  hits="0" /></lines>
			</method>
			<method name="(anonymous_41)"  hits="0"  signature="()V" >
				<lines><line number="359"  hits="0" /></lines>
			</method>
			<method name="(anonymous_42)"  hits="0"  signature="()V" >
				<lines><line number="403"  hits="0" /></lines>
			</method>
			<method name="(anonymous_43)"  hits="5"  signature="()V" >
				<lines><line number="420"  hits="5" /></lines>
			</method>
			<method name="(anonymous_44)"  hits="5"  signature="()V" >
				<lines><line number="425"  hits="5" /></lines>
			</method>
			<method name="(anonymous_45)"  hits="15"  signature="()V" >
				<lines><line number="426"  hits="15" /></lines>
			</method>
			<method name="(anonymous_46)"  hits="30"  signature="()V" >
				<lines><line number="427"  hits="30" /></lines>
			</method>
			<method name="(anonymous_47)"  hits="15"  signature="()V" >
				<lines><line number="436"  hits="15" /></lines>
			</method>
			<method name="(anonymous_48)"  hits="17"  signature="()V" >
				<lines><line number="440"  hits="17" /></lines>
			</method>
			<method name="(anonymous_49)"  hits="17"  signature="()V" >
				<lines><line number="447"  hits="17" /></lines>
			</method>
			<method name="(anonymous_50)"  hits="34"  signature="()V" >
				<lines><line number="448"  hits="34" /></lines>
			</method>
			<method name="(anonymous_51)"  hits="6"  signature="()V" >
				<lines><line number="457"  hits="6" /></lines>
			</method>
			<method name="(anonymous_52)"  hits="6"  signature="()V" >
				<lines><line number="461"  hits="6" /></lines>
			</method>
			<method name="(anonymous_53)"  hits="17"  signature="()V" >
				<lines><line number="462"  hits="17" /></lines>
			</method>
			<method name="(anonymous_54)"  hits="5"  signature="()V" >
				<lines><line number="468"  hits="5" /></lines>
			</method>
			<method name="(anonymous_55)"  hits="0"  signature="()V" >
				<lines><line number="497"  hits="0" /></lines>
			</method>
			<method name="(anonymous_56)"  hits="1"  signature="()V" >
				<lines><line number="504"  hits="1" /></lines>
			</method>
			<method name="(anonymous_57)"  hits="0"  signature="()V" >
				<lines><line number="505"  hits="0" /></lines>
			</method>
			<method name="(anonymous_58)"  hits="0"  signature="()V" >
				<lines><line number="506"  hits="0" /></lines>
			</method>
			<method name="(anonymous_59)"  hits="0"  signature="()V" >
				<lines><line number="507"  hits="0" /></lines>
			</method>
			<method name="(anonymous_60)"  hits="1"  signature="()V" >
				<lines><line number="515"  hits="1" /></lines>
			</method>
			<method name="(anonymous_61)"  hits="9"  signature="()V" >
				<lines><line number="517"  hits="9" /></lines>
			</method>
			<method name="(anonymous_62)"  hits="0"  signature="()V" >
				<lines><line number="519"  hits="0" /></lines>
			</method>
			<method name="(anonymous_63)"  hits="0"  signature="()V" >
				<lines><line number="523"  hits="0" /></lines>
			</method>
			<method name="(anonymous_64)"  hits="0"  signature="()V" >
				<lines><line number="526"  hits="0" /></lines>
			</method>
			<method name="(anonymous_65)"  hits="42"  signature="()V" >
				<lines><line number="534"  hits="42" /></lines>
			</method>
			<method name="(anonymous_66)"  hits="21"  signature="()V" >
				<lines><line number="541"  hits="21" /></lines>
			</method>
			<method name="(anonymous_67)"  hits="4"  signature="()V" >
				<lines><line number="551"  hits="4" /></lines>
			</method>
			<method name="(anonymous_68)"  hits="4"  signature="()V" >
				<lines><line number="558"  hits="4" /></lines>
			</method>
			<method name="(anonymous_69)"  hits="22"  signature="()V" >
				<lines><line number="614"  hits="22" /></lines>
			</method>
			<method name="(anonymous_70)"  hits="3"  signature="()V" >
				<lines><line number="625"  hits="3" /></lines>
			</method>
			<method name="(anonymous_71)"  hits="3"  signature="()V" >
				<lines><line number="631"  hits="3" /></lines>
			</method>
			<method name="(anonymous_72)"  hits="22"  signature="()V" >
				<lines><line number="636"  hits="22" /></lines>
			</method>
			<method name="(anonymous_73)"  hits="0"  signature="()V" >
				<lines><line number="641"  hits="0" /></lines>
			</method>
			<method name="(anonymous_74)"  hits="4557"  signature="()V" >
				<lines><line number="653"  hits="4557" /></lines>
			</method>
			<method name="(anonymous_75)"  hits="4557"  signature="()V" >
				<lines><line number="663"  hits="4557" /></lines>
			</method>
			<method name="(anonymous_76)"  hits="4518"  signature="()V" >
				<lines><line number="676"  hits="4518" /></lines>
			</method>
			<method name="(anonymous_77)"  hits="87"  signature="()V" >
				<lines><line number="685"  hits="87" /></lines>
			</method>
			<method name="(anonymous_78)"  hits="23330"  signature="()V" >
				<lines><line number="690"  hits="23330" /></lines>
			</method>
			<method name="(anonymous_79)"  hits="59"  signature="()V" >
				<lines><line number="717"  hits="59" /></lines>
			</method>
			<method name="(anonymous_80)"  hits="59"  signature="()V" >
				<lines><line number="718"  hits="59" /></lines>
			</method>
			<method name="(anonymous_81)"  hits="39"  signature="()V" >
				<lines><line number="739"  hits="39" /></lines>
			</method>
			<method name="(anonymous_82)"  hits="26"  signature="()V" >
				<lines><line number="749"  hits="26" /></lines>
			</method>
			<method name="(anonymous_83)"  hits="6"  signature="()V" >
				<lines><line number="769"  hits="6" /></lines>
			</method>
			<method name="(anonymous_84)"  hits="20"  signature="()V" >
				<lines><line number="772"  hits="20" /></lines>
			</method>
			<method name="(anonymous_85)"  hits="2"  signature="()V" >
				<lines><line number="777"  hits="2" /></lines>
			</method>
			<method name="(anonymous_86)"  hits="0"  signature="()V" >
				<lines><line number="780"  hits="0" /></lines>
			</method>
			<method name="(anonymous_87)"  hits="2"  signature="()V" >
				<lines><line number="782"  hits="2" /></lines>
			</method>
			<method name="(anonymous_88)"  hits="2000"  signature="()V" >
				<lines><line number="783"  hits="2000" /></lines>
			</method>
			<method name="(anonymous_89)"  hits="2"  signature="()V" >
				<lines><line number="785"  hits="2" /></lines>
			</method>
			<method name="(anonymous_90)"  hits="33"  signature="()V" >
				<lines><line number="796"  hits="33" /></lines>
			</method>
			<method name="(anonymous_91)"  hits="1"  signature="()V" >
				<lines><line number="813"  hits="1" /></lines>
			</method>
			<method name="(anonymous_92)"  hits="0"  signature="()V" >
				<lines><line number="814"  hits="0" /></lines>
			</method>
			<method name="(anonymous_93)"  hits="102"  signature="()V" >
				<lines><line number="816"  hits="102" /></lines>
			</method>
			<method name="(anonymous_94)"  hits="102"  signature="()V" >
				<lines><line number="819"  hits="102" /></lines>
			</method>
			<method name="BaseObject"  hits="59"  signature="()V" >
				<lines><line number="820"  hits="59" /></lines>
			</method>
			<method name="(anonymous_96)"  hits="64"  signature="()V" >
				<lines><line number="822"  hits="64" /></lines>
			</method>
			<method name="(anonymous_97)"  hits="260"  signature="()V" >
				<lines><line number="836"  hits="260" /></lines>
			</method>
			<method name="(anonymous_98)"  hits="1"  signature="()V" >
				<lines><line number="865"  hits="1" /></lines>
			</method>
			<method name="(anonymous_99)"  hits="6"  signature="()V" >
				<lines><line number="866"  hits="6" /></lines>
			</method>
			<method name="(anonymous_100)"  hits="0"  signature="()V" >
				<lines><line number="868"  hits="0" /></lines>
			</method>
			<method name="(anonymous_101)"  hits="1"  signature="()V" >
				<lines><line number="873"  hits="1" /></lines>
			</method>
			<method name="(anonymous_102)"  hits="79"  signature="()V" >
				<lines><line number="875"  hits="79" /></lines>
			</method>
			<method name="(anonymous_103)"  hits="56"  signature="()V" >
				<lines><line number="878"  hits="56" /></lines>
			</method>
			<method name="(anonymous_104)"  hits="0"  signature="()V" >
				<lines><line number="879"  hits="0" /></lines>
			</method>
			<method name="(anonymous_105)"  hits="42"  signature="()V" >
				<lines><line number="884"  hits="42" /></lines>
			</method>
			<method name="(anonymous_106)"  hits="24"  signature="()V" >
				<lines><line number="889"  hits="24" /></lines>
			</method>
			<method name="(anonymous_107)"  hits="24"  signature="()V" >
				<lines><line number="892"  hits="24" /></lines>
			</method>
			<method name="(anonymous_108)"  hits="1"  signature="()V" >
				<lines><line number="902"  hits="1" /></lines>
			</method>
			<method name="(anonymous_109)"  hits="86"  signature="()V" >
				<lines><line number="904"  hits="86" /></lines>
			</method>
			<method name="(anonymous_110)"  hits="119"  signature="()V" >
				<lines><line number="906"  hits="119" /></lines>
			</method>
			<method name="(anonymous_111)"  hits="88"  signature="()V" >
				<lines><line number="909"  hits="88" /></lines>
			</method>
			<method name="(anonymous_112)"  hits="88"  signature="()V" >
				<lines><line number="918"  hits="88" /></lines>
			</method>
			<method name="(anonymous_113)"  hits="116"  signature="()V" >
				<lines><line number="922"  hits="116" /></lines>
			</method>
			<method name="(anonymous_114)"  hits="13"  signature="()V" >
				<lines><line number="928"  hits="13" /></lines>
			</method>
			<method name="(anonymous_115)"  hits="0"  signature="()V" >
				<lines><line number="930"  hits="0" /></lines>
			</method>
			<method name="(anonymous_116)"  hits="8"  signature="()V" >
				<lines><line number="938"  hits="8" /></lines>
			</method>
			<method name="(anonymous_117)"  hits="1"  signature="()V" >
				<lines><line number="955"  hits="1" /></lines>
			</method>
			<method name="(anonymous_118)"  hits="40"  signature="()V" >
				<lines><line number="957"  hits="40" /></lines>
			</method>
			<method name="(anonymous_119)"  hits="0"  signature="()V" >
				<lines><line number="959"  hits="0" /></lines>
			</method>
			<method name="(anonymous_120)"  hits="1"  signature="()V" >
				<lines><line number="984"  hits="1" /></lines>
			</method>
			<method name="(anonymous_121)"  hits="168"  signature="()V" >
				<lines><line number="986"  hits="168" /></lines>
			</method>
			<method name="(anonymous_122)"  hits="108"  signature="()V" >
				<lines><line number="988"  hits="108" /></lines>
			</method>
			<method name="(anonymous_123)"  hits="60"  signature="()V" >
				<lines><line number="991"  hits="60" /></lines>
			</method>
			<method name="(anonymous_124)"  hits="14"  signature="()V" >
				<lines><line number="994"  hits="14" /></lines>
			</method>
			<method name="(anonymous_125)"  hits="8"  signature="()V" >
				<lines><line number="1003"  hits="8" /></lines>
			</method>
			<method name="(anonymous_126)"  hits="104"  signature="()V" >
				<lines><line number="1012"  hits="104" /></lines>
			</method>
			<method name="(anonymous_127)"  hits="124"  signature="()V" >
				<lines><line number="1024"  hits="124" /></lines>
			</method>
			<method name="(anonymous_128)"  hits="0"  signature="()V" >
				<lines><line number="1043"  hits="0" /></lines>
			</method>
			<method name="(anonymous_129)"  hits="7"  signature="()V" >
				<lines><line number="1059"  hits="7" /></lines>
			</method>
			<method name="(anonymous_130)"  hits="7"  signature="()V" >
				<lines><line number="1071"  hits="7" /></lines>
			</method>
			<method name="(anonymous_131)"  hits="7"  signature="()V" >
				<lines><line number="1100"  hits="7" /></lines>
			</method>
			<method name="(anonymous_132)"  hits="33"  signature="()V" >
				<lines><line number="1118"  hits="33" /></lines>
			</method>
			<method name="(anonymous_133)"  hits="15"  signature="()V" >
				<lines><line number="1122"  hits="15" /></lines>
			</method>
			<method name="(anonymous_134)"  hits="7"  signature="()V" >
				<lines><line number="1127"  hits="7" /></lines>
			</method>
			<method name="(anonymous_135)"  hits="13"  signature="()V" >
				<lines><line number="1130"  hits="13" /></lines>
			</method>
			<method name="(anonymous_136)"  hits="0"  signature="()V" >
				<lines><line number="1158"  hits="0" /></lines>
			</method>
			<method name="(anonymous_137)"  hits="10"  signature="()V" >
				<lines><line number="1186"  hits="10" /></lines>
			</method>
			<method name="(anonymous_138)"  hits="0"  signature="()V" >
				<lines><line number="1210"  hits="0" /></lines>
			</method>
			<method name="(anonymous_139)"  hits="12"  signature="()V" >
				<lines><line number="1227"  hits="12" /></lines>
			</method>
			<method name="(anonymous_140)"  hits="17"  signature="()V" >
				<lines><line number="1233"  hits="17" /></lines>
			</method>
			<method name="(anonymous_141)"  hits="0"  signature="()V" >
				<lines><line number="1240"  hits="0" /></lines>
			</method>
			<method name="(anonymous_142)"  hits="0"  signature="()V" >
				<lines><line number="1246"  hits="0" /></lines>
			</method>
			<method name="(anonymous_143)"  hits="0"  signature="()V" >
				<lines><line number="1251"  hits="0" /></lines>
			</method>
			<method name="(anonymous_144)"  hits="1"  signature="()V" >
				<lines><line number="1259"  hits="1" /></lines>
			</method>
			<method name="(anonymous_145)"  hits="37"  signature="()V" >
				<lines><line number="1261"  hits="37" /></lines>
			</method>
			<method name="(anonymous_146)"  hits="0"  signature="()V" >
				<lines><line number="1265"  hits="0" /></lines>
			</method>
			<method name="(anonymous_147)"  hits="0"  signature="()V" >
				<lines><line number="1268"  hits="0" /></lines>
			</method>
			<method name="(anonymous_148)"  hits="0"  signature="()V" >
				<lines><line number="1269"  hits="0" /></lines>
			</method>
			<method name="(anonymous_149)"  hits="46"  signature="()V" >
				<lines><line number="1282"  hits="46" /></lines>
			</method>
			<method name="(anonymous_150)"  hits="0"  signature="()V" >
				<lines><line number="1293"  hits="0" /></lines>
			</method>
			<method name="(anonymous_151)"  hits="0"  signature="()V" >
				<lines><line number="1296"  hits="0" /></lines>
			</method>
			<method name="(anonymous_152)"  hits="0"  signature="()V" >
				<lines><line number="1308"  hits="0" /></lines>
			</method>
			<method name="(anonymous_153)"  hits="0"  signature="()V" >
				<lines><line number="1312"  hits="0" /></lines>
			</method>
			<method name="(anonymous_154)"  hits="1"  signature="()V" >
				<lines><line number="1325"  hits="1" /></lines>
			</method>
			<method name="(anonymous_155)"  hits="1"  signature="()V" >
				<lines><line number="1326"  hits="1" /></lines>
			</method>
			<method name="ctor"  hits="1"  signature="()V" >
				<lines><line number="1326"  hits="1" /></lines>
			</method>
			<method name="(anonymous_157)"  hits="1"  signature="()V" >
				<lines><line number="1330"  hits="1" /></lines>
			</method>
			<method name="(anonymous_158)"  hits="1"  signature="()V" >
				<lines><line number="1332"  hits="1" /></lines>
			</method>
			<method name="Linked"  hits="1"  signature="()V" >
				<lines><line number="1335"  hits="1" /></lines>
			</method>
			<method name="(anonymous_160)"  hits="1"  signature="()V" >
				<lines><line number="1350"  hits="1" /></lines>
			</method>
			<method name="(anonymous_161)"  hits="189"  signature="()V" >
				<lines><line number="1352"  hits="189" /></lines>
			</method>
			<method name="(anonymous_162)"  hits="1"  signature="()V" >
				<lines><line number="1358"  hits="1" /></lines>
			</method>
			<method name="(anonymous_163)"  hits="531"  signature="()V" >
				<lines><line number="1359"  hits="531" /></lines>
			</method>
			<method name="(anonymous_164)"  hits="186"  signature="()V" >
				<lines><line number="1359"  hits="186" /></lines>
			</method>
			<method name="(anonymous_165)"  hits="64"  signature="()V" >
				<lines><line number="1360"  hits="64" /></lines>
			</method>
			<method name="ctor"  hits="64"  signature="()V" >
				<lines><line number="1360"  hits="64" /></lines>
			</method>
			<method name="(anonymous_167)"  hits="64"  signature="()V" >
				<lines><line number="1364"  hits="64" /></lines>
			</method>
			<method name="(anonymous_168)"  hits="64"  signature="()V" >
				<lines><line number="1366"  hits="64" /></lines>
			</method>
			<method name="ModelKey"  hits="59"  signature="()V" >
				<lines><line number="1369"  hits="59" /></lines>
			</method>
			<method name="(anonymous_170)"  hits="14"  signature="()V" >
				<lines><line number="1387"  hits="14" /></lines>
			</method>
			<method name="(anonymous_171)"  hits="8"  signature="()V" >
				<lines><line number="1401"  hits="8" /></lines>
			</method>
			<method name="(anonymous_172)"  hits="4"  signature="()V" >
				<lines><line number="1416"  hits="4" /></lines>
			</method>
			<method name="(anonymous_173)"  hits="14"  signature="()V" >
				<lines><line number="1417"  hits="14" /></lines>
			</method>
			<method name="(anonymous_174)"  hits="20"  signature="()V" >
				<lines><line number="1424"  hits="20" /></lines>
			</method>
			<method name="(anonymous_175)"  hits="0"  signature="()V" >
				<lines><line number="1428"  hits="0" /></lines>
			</method>
			<method name="(anonymous_176)"  hits="0"  signature="()V" >
				<lines><line number="1435"  hits="0" /></lines>
			</method>
			<method name="(anonymous_177)"  hits="130"  signature="()V" >
				<lines><line number="1445"  hits="130" /></lines>
			</method>
			<method name="(anonymous_178)"  hits="1"  signature="()V" >
				<lines><line number="1457"  hits="1" /></lines>
			</method>
			<method name="(anonymous_179)"  hits="406"  signature="()V" >
				<lines><line number="1483"  hits="406" /></lines>
			</method>
			<method name="(anonymous_180)"  hits="406"  signature="()V" >
				<lines><line number="1488"  hits="406" /></lines>
			</method>
			<method name="(anonymous_181)"  hits="0"  signature="()V" >
				<lines><line number="1522"  hits="0" /></lines>
			</method>
			<method name="(anonymous_182)"  hits="2"  signature="()V" >
				<lines><line number="1537"  hits="2" /></lines>
			</method>
			<method name="(anonymous_183)"  hits="0"  signature="()V" >
				<lines><line number="1539"  hits="0" /></lines>
			</method>
			<method name="(anonymous_184)"  hits="2"  signature="()V" >
				<lines><line number="1551"  hits="2" /></lines>
			</method>
			<method name="(anonymous_185)"  hits="21"  signature="()V" >
				<lines><line number="1559"  hits="21" /></lines>
			</method>
			<method name="(anonymous_186)"  hits="1"  signature="()V" >
				<lines><line number="1584"  hits="1" /></lines>
			</method>
			<method name="(anonymous_187)"  hits="23"  signature="()V" >
				<lines><line number="1586"  hits="23" /></lines>
			</method>
			<method name="(anonymous_188)"  hits="19"  signature="()V" >
				<lines><line number="1588"  hits="19" /></lines>
			</method>
			<method name="(anonymous_189)"  hits="11"  signature="()V" >
				<lines><line number="1590"  hits="11" /></lines>
			</method>
			<method name="(anonymous_190)"  hits="11"  signature="()V" >
				<lines><line number="1591"  hits="11" /></lines>
			</method>
			<method name="(anonymous_191)"  hits="2"  signature="()V" >
				<lines><line number="1599"  hits="2" /></lines>
			</method>
			<method name="(anonymous_192)"  hits="4"  signature="()V" >
				<lines><line number="1605"  hits="4" /></lines>
			</method>
			<method name="(anonymous_193)"  hits="4"  signature="()V" >
				<lines><line number="1625"  hits="4" /></lines>
			</method>
			<method name="(anonymous_194)"  hits="1"  signature="()V" >
				<lines><line number="1651"  hits="1" /></lines>
			</method>
			<method name="(anonymous_195)"  hits="89"  signature="()V" >
				<lines><line number="1653"  hits="89" /></lines>
			</method>
			<method name="(anonymous_196)"  hits="89"  signature="()V" >
				<lines><line number="1666"  hits="89" /></lines>
			</method>
			<method name="(anonymous_197)"  hits="1"  signature="()V" >
				<lines><line number="1674"  hits="1" /></lines>
			</method>
			<method name="(anonymous_198)"  hits="0"  signature="()V" >
				<lines><line number="1682"  hits="0" /></lines>
			</method>
			<method name="(anonymous_199)"  hits="21"  signature="()V" >
				<lines><line number="1690"  hits="21" /></lines>
			</method>
			<method name="(anonymous_200)"  hits="8"  signature="()V" >
				<lines><line number="1693"  hits="8" /></lines>
			</method>
			<method name="(anonymous_201)"  hits="0"  signature="()V" >
				<lines><line number="1698"  hits="0" /></lines>
			</method>
			<method name="(anonymous_202)"  hits="1"  signature="()V" >
				<lines><line number="1698"  hits="1" /></lines>
			</method>
			<method name="(anonymous_203)"  hits="4"  signature="()V" >
				<lines><line number="1702"  hits="4" /></lines>
			</method>
			<method name="(anonymous_204)"  hits="1"  signature="()V" >
				<lines><line number="1704"  hits="1" /></lines>
			</method>
			<method name="(anonymous_205)"  hits="1"  signature="()V" >
				<lines><line number="1707"  hits="1" /></lines>
			</method>
			<method name="(anonymous_206)"  hits="1"  signature="()V" >
				<lines><line number="1713"  hits="1" /></lines>
			</method>
			<method name="(anonymous_207)"  hits="22"  signature="()V" >
				<lines><line number="1727"  hits="22" /></lines>
			</method>
			<method name="(anonymous_208)"  hits="54"  signature="()V" >
				<lines><line number="1733"  hits="54" /></lines>
			</method>
			<method name="(anonymous_209)"  hits="12"  signature="()V" >
				<lines><line number="1736"  hits="12" /></lines>
			</method>
			<method name="(anonymous_210)"  hits="2"  signature="()V" >
				<lines><line number="1742"  hits="2" /></lines>
			</method>
			<method name="(anonymous_211)"  hits="2"  signature="()V" >
				<lines><line number="1749"  hits="2" /></lines>
			</method>
			<method name="(anonymous_212)"  hits="1"  signature="()V" >
				<lines><line number="1771"  hits="1" /></lines>
			</method>
			<method name="(anonymous_213)"  hits="891"  signature="()V" >
				<lines><line number="1772"  hits="891" /></lines>
			</method>
			<method name="(anonymous_214)"  hits="262"  signature="()V" >
				<lines><line number="1772"  hits="262" /></lines>
			</method>
			<method name="(anonymous_215)"  hits="127"  signature="()V" >
				<lines><line number="1774"  hits="127" /></lines>
			</method>
			<method name="(anonymous_216)"  hits="127"  signature="()V" >
				<lines><line number="1780"  hits="127" /></lines>
			</method>
			<method name="PropMap"  hits="99"  signature="()V" >
				<lines><line number="1781"  hits="99" /></lines>
			</method>
			<method name="(anonymous_218)"  hits="119"  signature="()V" >
				<lines><line number="1799"  hits="119" /></lines>
			</method>
			<method name="(anonymous_219)"  hits="64"  signature="()V" >
				<lines><line number="1803"  hits="64" /></lines>
			</method>
			<method name="(anonymous_220)"  hits="60"  signature="()V" >
				<lines><line number="1808"  hits="60" /></lines>
			</method>
			<method name="(anonymous_221)"  hits="4"  signature="()V" >
				<lines><line number="1816"  hits="4" /></lines>
			</method>
			<method name="(anonymous_222)"  hits="9"  signature="()V" >
				<lines><line number="1831"  hits="9" /></lines>
			</method>
			<method name="(anonymous_223)"  hits="16"  signature="()V" >
				<lines><line number="1841"  hits="16" /></lines>
			</method>
			<method name="(anonymous_224)"  hits="8"  signature="()V" >
				<lines><line number="1852"  hits="8" /></lines>
			</method>
			<method name="(anonymous_225)"  hits="1"  signature="()V" >
				<lines><line number="1856"  hits="1" /></lines>
			</method>
			<method name="(anonymous_226)"  hits="6"  signature="()V" >
				<lines><line number="1860"  hits="6" /></lines>
			</method>
			<method name="(anonymous_227)"  hits="0"  signature="()V" >
				<lines><line number="1867"  hits="0" /></lines>
			</method>
			<method name="(anonymous_228)"  hits="0"  signature="()V" >
				<lines><line number="1868"  hits="0" /></lines>
			</method>
			<method name="(anonymous_229)"  hits="0"  signature="()V" >
				<lines><line number="1869"  hits="0" /></lines>
			</method>
			<method name="(anonymous_230)"  hits="0"  signature="()V" >
				<lines><line number="1875"  hits="0" /></lines>
			</method>
			<method name="(anonymous_231)"  hits="19"  signature="()V" >
				<lines><line number="1879"  hits="19" /></lines>
			</method>
			<method name="(anonymous_232)"  hits="25"  signature="()V" >
				<lines><line number="1880"  hits="25" /></lines>
			</method>
			<method name="(anonymous_233)"  hits="4"  signature="()V" >
				<lines><line number="1885"  hits="4" /></lines>
			</method>
			<method name="(anonymous_234)"  hits="8"  signature="()V" >
				<lines><line number="1886"  hits="8" /></lines>
			</method>
			<method name="(anonymous_235)"  hits="1"  signature="()V" >
				<lines><line number="1897"  hits="1" /></lines>
			</method>
			<method name="(anonymous_236)"  hits="39"  signature="()V" >
				<lines><line number="1899"  hits="39" /></lines>
			</method>
			<method name="(anonymous_237)"  hits="5"  signature="()V" >
				<lines><line number="1901"  hits="5" /></lines>
			</method>
			<method name="(anonymous_238)"  hits="4"  signature="()V" >
				<lines><line number="1902"  hits="4" /></lines>
			</method>
			<method name="(anonymous_239)"  hits="1"  signature="()V" >
				<lines><line number="1917"  hits="1" /></lines>
			</method>
			<method name="(anonymous_240)"  hits="120"  signature="()V" >
				<lines><line number="1918"  hits="120" /></lines>
			</method>
			<method name="(anonymous_241)"  hits="10"  signature="()V" >
				<lines><line number="1918"  hits="10" /></lines>
			</method>
			<method name="(anonymous_242)"  hits="19"  signature="()V" >
				<lines><line number="1921"  hits="19" /></lines>
			</method>
			<method name="(anonymous_243)"  hits="19"  signature="()V" >
				<lines><line number="1923"  hits="19" /></lines>
			</method>
			<method name="ClustererMarkerManager"  hits="10"  signature="()V" >
				<lines><line number="1926"  hits="10" /></lines>
			</method>
			<method name="(anonymous_245)"  hits="0"  signature="()V" >
				<lines><line number="1953"  hits="0" /></lines>
			</method>
			<method name="(anonymous_246)"  hits="0"  signature="()V" >
				<lines><line number="1961"  hits="0" /></lines>
			</method>
			<method name="(anonymous_247)"  hits="0"  signature="()V" >
				<lines><line number="1968"  hits="0" /></lines>
			</method>
			<method name="(anonymous_248)"  hits="0"  signature="()V" >
				<lines><line number="1973"  hits="0" /></lines>
			</method>
			<method name="(anonymous_249)"  hits="0"  signature="()V" >
				<lines><line number="1974"  hits="0" /></lines>
			</method>
			<method name="(anonymous_250)"  hits="0"  signature="()V" >
				<lines><line number="1975"  hits="0" /></lines>
			</method>
			<method name="(anonymous_251)"  hits="0"  signature="()V" >
				<lines><line number="1981"  hits="0" /></lines>
			</method>
			<method name="(anonymous_252)"  hits="0"  signature="()V" >
				<lines><line number="1992"  hits="0" /></lines>
			</method>
			<method name="(anonymous_253)"  hits="0"  signature="()V" >
				<lines><line number="1993"  hits="0" /></lines>
			</method>
			<method name="(anonymous_254)"  hits="0"  signature="()V" >
				<lines><line number="1994"  hits="0" /></lines>
			</method>
			<method name="(anonymous_255)"  hits="0"  signature="()V" >
				<lines><line number="2000"  hits="0" /></lines>
			</method>
			<method name="(anonymous_256)"  hits="0"  signature="()V" >
				<lines><line number="2004"  hits="0" /></lines>
			</method>
			<method name="(anonymous_257)"  hits="10"  signature="()V" >
				<lines><line number="2009"  hits="10" /></lines>
			</method>
			<method name="(anonymous_258)"  hits="0"  signature="()V" >
				<lines><line number="2027"  hits="0" /></lines>
			</method>
			<method name="(anonymous_259)"  hits="0"  signature="()V" >
				<lines><line number="2032"  hits="0" /></lines>
			</method>
			<method name="(anonymous_260)"  hits="0"  signature="()V" >
				<lines><line number="2037"  hits="0" /></lines>
			</method>
			<method name="(anonymous_261)"  hits="0"  signature="()V" >
				<lines><line number="2041"  hits="0" /></lines>
			</method>
			<method name="(anonymous_262)"  hits="0"  signature="()V" >
				<lines><line number="2045"  hits="0" /></lines>
			</method>
			<method name="(anonymous_263)"  hits="1"  signature="()V" >
				<lines><line number="2055"  hits="1" /></lines>
			</method>
			<method name="(anonymous_264)"  hits="37"  signature="()V" >
				<lines><line number="2057"  hits="37" /></lines>
			</method>
			<method name="(anonymous_265)"  hits="0"  signature="()V" >
				<lines><line number="2062"  hits="0" /></lines>
			</method>
			<method name="(anonymous_266)"  hits="0"  signature="()V" >
				<lines><line number="2076"  hits="0" /></lines>
			</method>
			<method name="(anonymous_267)"  hits="1"  signature="()V" >
				<lines><line number="2090"  hits="1" /></lines>
			</method>
			<method name="(anonymous_268)"  hits="286"  signature="()V" >
				<lines><line number="2091"  hits="286" /></lines>
			</method>
			<method name="(anonymous_269)"  hits="87"  signature="()V" >
				<lines><line number="2091"  hits="87" /></lines>
			</method>
			<method name="(anonymous_270)"  hits="37"  signature="()V" >
				<lines><line number="2094"  hits="37" /></lines>
			</method>
			<method name="(anonymous_271)"  hits="37"  signature="()V" >
				<lines><line number="2096"  hits="37" /></lines>
			</method>
			<method name="MarkerManager"  hits="26"  signature="()V" >
				<lines><line number="2099"  hits="26" /></lines>
			</method>
			<method name="(anonymous_273)"  hits="34"  signature="()V" >
				<lines><line number="2118"  hits="34" /></lines>
			</method>
			<method name="(anonymous_274)"  hits="0"  signature="()V" >
				<lines><line number="2135"  hits="0" /></lines>
			</method>
			<method name="(anonymous_275)"  hits="0"  signature="()V" >
				<lines><line number="2143"  hits="0" /></lines>
			</method>
			<method name="(anonymous_276)"  hits="0"  signature="()V" >
				<lines><line number="2144"  hits="0" /></lines>
			</method>
			<method name="(anonymous_277)"  hits="0"  signature="()V" >
				<lines><line number="2145"  hits="0" /></lines>
			</method>
			<method name="(anonymous_278)"  hits="2"  signature="()V" >
				<lines><line number="2151"  hits="2" /></lines>
			</method>
			<method name="(anonymous_279)"  hits="0"  signature="()V" >
				<lines><line number="2161"  hits="0" /></lines>
			</method>
			<method name="(anonymous_280)"  hits="0"  signature="()V" >
				<lines><line number="2162"  hits="0" /></lines>
			</method>
			<method name="(anonymous_281)"  hits="0"  signature="()V" >
				<lines><line number="2163"  hits="0" /></lines>
			</method>
			<method name="(anonymous_282)"  hits="18"  signature="()V" >
				<lines><line number="2169"  hits="18" /></lines>
			</method>
			<method name="(anonymous_283)"  hits="18"  signature="()V" >
				<lines><line number="2172"  hits="18" /></lines>
			</method>
			<method name="(anonymous_284)"  hits="25"  signature="()V" >
				<lines><line number="2173"  hits="25" /></lines>
			</method>
			<method name="(anonymous_285)"  hits="18"  signature="()V" >
				<lines><line number="2184"  hits="18" /></lines>
			</method>
			<method name="(anonymous_286)"  hits="0"  signature="()V" >
				<lines><line number="2185"  hits="0" /></lines>
			</method>
			<method name="(anonymous_287)"  hits="0"  signature="()V" >
				<lines><line number="2192"  hits="0" /></lines>
			</method>
			<method name="(anonymous_288)"  hits="1"  signature="()V" >
				<lines><line number="2196"  hits="1" /></lines>
			</method>
			<method name="(anonymous_289)"  hits="0"  signature="()V" >
				<lines><line number="2197"  hits="0" /></lines>
			</method>
			<method name="(anonymous_290)"  hits="30"  signature="()V" >
				<lines><line number="2204"  hits="30" /></lines>
			</method>
			<method name="(anonymous_291)"  hits="0"  signature="()V" >
				<lines><line number="2218"  hits="0" /></lines>
			</method>
			<method name="(anonymous_292)"  hits="2"  signature="()V" >
				<lines><line number="2222"  hits="2" /></lines>
			</method>
			<method name="(anonymous_293)"  hits="1"  signature="()V" >
				<lines><line number="2234"  hits="1" /></lines>
			</method>
			<method name="(anonymous_294)"  hits="0"  signature="()V" >
				<lines><line number="2235"  hits="0" /></lines>
			</method>
			<method name="(anonymous_295)"  hits="0"  signature="()V" >
				<lines><line number="2235"  hits="0" /></lines>
			</method>
			<method name="(anonymous_296)"  hits="19"  signature="()V" >
				<lines><line number="2238"  hits="19" /></lines>
			</method>
			<method name="(anonymous_297)"  hits="19"  signature="()V" >
				<lines><line number="2240"  hits="19" /></lines>
			</method>
			<method name="SpiderfierMarkerManager"  hits="0"  signature="()V" >
				<lines><line number="2243"  hits="0" /></lines>
			</method>
			<method name="(anonymous_299)"  hits="0"  signature="()V" >
				<lines><line number="2271"  hits="0" /></lines>
			</method>
			<method name="(anonymous_300)"  hits="0"  signature="()V" >
				<lines><line number="2279"  hits="0" /></lines>
			</method>
			<method name="(anonymous_301)"  hits="0"  signature="()V" >
				<lines><line number="2287"  hits="0" /></lines>
			</method>
			<method name="(anonymous_302)"  hits="0"  signature="()V" >
				<lines><line number="2292"  hits="0" /></lines>
			</method>
			<method name="(anonymous_303)"  hits="0"  signature="()V" >
				<lines><line number="2293"  hits="0" /></lines>
			</method>
			<method name="(anonymous_304)"  hits="0"  signature="()V" >
				<lines><line number="2294"  hits="0" /></lines>
			</method>
			<method name="(anonymous_305)"  hits="0"  signature="()V" >
				<lines><line number="2300"  hits="0" /></lines>
			</method>
			<method name="(anonymous_306)"  hits="0"  signature="()V" >
				<lines><line number="2312"  hits="0" /></lines>
			</method>
			<method name="(anonymous_307)"  hits="0"  signature="()V" >
				<lines><line number="2313"  hits="0" /></lines>
			</method>
			<method name="(anonymous_308)"  hits="0"  signature="()V" >
				<lines><line number="2314"  hits="0" /></lines>
			</method>
			<method name="(anonymous_309)"  hits="0"  signature="()V" >
				<lines><line number="2320"  hits="0" /></lines>
			</method>
			<method name="(anonymous_310)"  hits="0"  signature="()V" >
				<lines><line number="2322"  hits="0" /></lines>
			</method>
			<method name="(anonymous_311)"  hits="0"  signature="()V" >
				<lines><line number="2326"  hits="0" /></lines>
			</method>
			<method name="(anonymous_312)"  hits="0"  signature="()V" >
				<lines><line number="2328"  hits="0" /></lines>
			</method>
			<method name="(anonymous_313)"  hits="0"  signature="()V" >
				<lines><line number="2329"  hits="0" /></lines>
			</method>
			<method name="(anonymous_314)"  hits="0"  signature="()V" >
				<lines><line number="2332"  hits="0" /></lines>
			</method>
			<method name="(anonymous_315)"  hits="0"  signature="()V" >
				<lines><line number="2345"  hits="0" /></lines>
			</method>
			<method name="(anonymous_316)"  hits="0"  signature="()V" >
				<lines><line number="2358"  hits="0" /></lines>
			</method>
			<method name="(anonymous_317)"  hits="0"  signature="()V" >
				<lines><line number="2363"  hits="0" /></lines>
			</method>
			<method name="(anonymous_318)"  hits="0"  signature="()V" >
				<lines><line number="2367"  hits="0" /></lines>
			</method>
			<method name="(anonymous_319)"  hits="0"  signature="()V" >
				<lines><line number="2371"  hits="0" /></lines>
			</method>
			<method name="(anonymous_320)"  hits="0"  signature="()V" >
				<lines><line number="2372"  hits="0" /></lines>
			</method>
			<method name="(anonymous_321)"  hits="0"  signature="()V" >
				<lines><line number="2377"  hits="0" /></lines>
			</method>
			<method name="(anonymous_322)"  hits="1"  signature="()V" >
				<lines><line number="2386"  hits="1" /></lines>
			</method>
			<method name="(anonymous_323)"  hits="9"  signature="()V" >
				<lines><line number="2388"  hits="9" /></lines>
			</method>
			<method name="(anonymous_324)"  hits="6"  signature="()V" >
				<lines><line number="2390"  hits="6" /></lines>
			</method>
			<method name="(anonymous_325)"  hits="0"  signature="()V" >
				<lines><line number="2391"  hits="0" /></lines>
			</method>
			<method name="(anonymous_326)"  hits="0"  signature="()V" >
				<lines><line number="2393"  hits="0" /></lines>
			</method>
			<method name="(anonymous_327)"  hits="2"  signature="()V" >
				<lines><line number="2396"  hits="2" /></lines>
			</method>
			<method name="(anonymous_328)"  hits="6"  signature="()V" >
				<lines><line number="2402"  hits="6" /></lines>
			</method>
			<method name="(anonymous_329)"  hits="0"  signature="()V" >
				<lines><line number="2405"  hits="0" /></lines>
			</method>
			<method name="(anonymous_330)"  hits="0"  signature="()V" >
				<lines><line number="2406"  hits="0" /></lines>
			</method>
			<method name="(anonymous_331)"  hits="1"  signature="()V" >
				<lines><line number="2417"  hits="1" /></lines>
			</method>
			<method name="(anonymous_332)"  hits="9"  signature="()V" >
				<lines><line number="2419"  hits="9" /></lines>
			</method>
			<method name="(anonymous_333)"  hits="6"  signature="()V" >
				<lines><line number="2420"  hits="6" /></lines>
			</method>
			<method name="(anonymous_334)"  hits="0"  signature="()V" >
				<lines><line number="2426"  hits="0" /></lines>
			</method>
			<method name="(anonymous_335)"  hits="0"  signature="()V" >
				<lines><line number="2442"  hits="0" /></lines>
			</method>
			<method name="(anonymous_336)"  hits="0"  signature="()V" >
				<lines><line number="2460"  hits="0" /></lines>
			</method>
			<method name="(anonymous_337)"  hits="0"  signature="()V" >
				<lines><line number="2474"  hits="0" /></lines>
			</method>
			<method name="(anonymous_338)"  hits="0"  signature="()V" >
				<lines><line number="2489"  hits="0" /></lines>
			</method>
			<method name="(anonymous_339)"  hits="0"  signature="()V" >
				<lines><line number="2503"  hits="0" /></lines>
			</method>
			<method name="(anonymous_340)"  hits="2"  signature="()V" >
				<lines><line number="2512"  hits="2" /></lines>
			</method>
			<method name="(anonymous_341)"  hits="0"  signature="()V" >
				<lines><line number="2560"  hits="0" /></lines>
			</method>
			<method name="(anonymous_342)"  hits="0"  signature="()V" >
				<lines><line number="2611"  hits="0" /></lines>
			</method>
			<method name="(anonymous_343)"  hits="1"  signature="()V" >
				<lines><line number="2626"  hits="1" /></lines>
			</method>
			<method name="(anonymous_344)"  hits="7"  signature="()V" >
				<lines><line number="2628"  hits="7" /></lines>
			</method>
			<method name="(anonymous_345)"  hits="0"  signature="()V" >
				<lines><line number="2630"  hits="0" /></lines>
			</method>
			<method name="(anonymous_346)"  hits="0"  signature="()V" >
				<lines><line number="2633"  hits="0" /></lines>
			</method>
			<method name="(anonymous_347)"  hits="1"  signature="()V" >
				<lines><line number="2643"  hits="1" /></lines>
			</method>
			<method name="(anonymous_348)"  hits="0"  signature="()V" >
				<lines><line number="2644"  hits="0" /></lines>
			</method>
			<method name="(anonymous_349)"  hits="0"  signature="()V" >
				<lines><line number="2648"  hits="0" /></lines>
			</method>
			<method name="(anonymous_350)"  hits="0"  signature="()V" >
				<lines><line number="2649"  hits="0" /></lines>
			</method>
			<method name="(anonymous_351)"  hits="0"  signature="()V" >
				<lines><line number="2650"  hits="0" /></lines>
			</method>
			<method name="(anonymous_352)"  hits="0"  signature="()V" >
				<lines><line number="2659"  hits="0" /></lines>
			</method>
			<method name="(anonymous_353)"  hits="0"  signature="()V" >
				<lines><line number="2660"  hits="0" /></lines>
			</method>
			<method name="(anonymous_354)"  hits="0"  signature="()V" >
				<lines><line number="2661"  hits="0" /></lines>
			</method>
			<method name="(anonymous_355)"  hits="0"  signature="()V" >
				<lines><line number="2673"  hits="0" /></lines>
			</method>
			<method name="(anonymous_356)"  hits="0"  signature="()V" >
				<lines><line number="2674"  hits="0" /></lines>
			</method>
			<method name="(anonymous_357)"  hits="1"  signature="()V" >
				<lines><line number="2683"  hits="1" /></lines>
			</method>
			<method name="(anonymous_358)"  hits="0"  signature="()V" >
				<lines><line number="2684"  hits="0" /></lines>
			</method>
			<method name="(anonymous_359)"  hits="0"  signature="()V" >
				<lines><line number="2684"  hits="0" /></lines>
			</method>
			<method name="(anonymous_360)"  hits="18"  signature="()V" >
				<lines><line number="2685"  hits="18" /></lines>
			</method>
			<method name="ctor"  hits="18"  signature="()V" >
				<lines><line number="2685"  hits="18" /></lines>
			</method>
			<method name="(anonymous_362)"  hits="18"  signature="()V" >
				<lines><line number="2689"  hits="18" /></lines>
			</method>
			<method name="(anonymous_363)"  hits="18"  signature="()V" >
				<lines><line number="2691"  hits="18" /></lines>
			</method>
			<method name="CommonOptionsBuilder"  hits="0"  signature="()V" >
				<lines><line number="2694"  hits="0" /></lines>
			</method>
			<method name="(anonymous_365)"  hits="44"  signature="()V" >
				<lines><line number="2707"  hits="44" /></lines>
			</method>
			<method name="(anonymous_366)"  hits="23"  signature="()V" >
				<lines><line number="2715"  hits="23" /></lines>
			</method>
			<method name="(anonymous_367)"  hits="23"  signature="()V" >
				<lines><line number="2748"  hits="23" /></lines>
			</method>
			<method name="(anonymous_368)"  hits="190"  signature="()V" >
				<lines><line number="2749"  hits="190" /></lines>
			</method>
			<method name="(anonymous_369)"  hits="16"  signature="()V" >
				<lines><line number="2765"  hits="16" /></lines>
			</method>
			<method name="(anonymous_370)"  hits="16"  signature="()V" >
				<lines><line number="2769"  hits="16" /></lines>
			</method>
			<method name="(anonymous_371)"  hits="144"  signature="()V" >
				<lines><line number="2770"  hits="144" /></lines>
			</method>
			<method name="(anonymous_372)"  hits="1"  signature="()V" >
				<lines><line number="2789"  hits="1" /></lines>
			</method>
			<method name="(anonymous_373)"  hits="33"  signature="()V" >
				<lines><line number="2790"  hits="33" /></lines>
			</method>
			<method name="ctor"  hits="33"  signature="()V" >
				<lines><line number="2790"  hits="33" /></lines>
			</method>
			<method name="(anonymous_375)"  hits="3"  signature="()V" >
				<lines><line number="2794"  hits="3" /></lines>
			</method>
			<method name="(anonymous_376)"  hits="3"  signature="()V" >
				<lines><line number="2796"  hits="3" /></lines>
			</method>
			<method name="PolylineOptionsBuilder"  hits="0"  signature="()V" >
				<lines><line number="2799"  hits="0" /></lines>
			</method>
			<method name="(anonymous_378)"  hits="2"  signature="()V" >
				<lines><line number="2803"  hits="2" /></lines>
			</method>
			<method name="(anonymous_379)"  hits="15"  signature="()V" >
				<lines><line number="2816"  hits="15" /></lines>
			</method>
			<method name="(anonymous_380)"  hits="15"  signature="()V" >
				<lines><line number="2818"  hits="15" /></lines>
			</method>
			<method name="ShapeOptionsBuilder"  hits="0"  signature="()V" >
				<lines><line number="2821"  hits="0" /></lines>
			</method>
			<method name="(anonymous_382)"  hits="21"  signature="()V" >
				<lines><line number="2825"  hits="21" /></lines>
			</method>
			<method name="(anonymous_383)"  hits="6"  signature="()V" >
				<lines><line number="2841"  hits="6" /></lines>
			</method>
			<method name="(anonymous_384)"  hits="6"  signature="()V" >
				<lines><line number="2843"  hits="6" /></lines>
			</method>
			<method name="PolygonOptionsBuilder"  hits="0"  signature="()V" >
				<lines><line number="2846"  hits="0" /></lines>
			</method>
			<method name="(anonymous_386)"  hits="4"  signature="()V" >
				<lines><line number="2850"  hits="4" /></lines>
			</method>
			<method name="(anonymous_387)"  hits="0"  signature="()V" >
				<lines><line number="2863"  hits="0" /></lines>
			</method>
			<method name="(anonymous_388)"  hits="0"  signature="()V" >
				<lines><line number="2865"  hits="0" /></lines>
			</method>
			<method name="RectangleOptionsBuilder"  hits="0"  signature="()V" >
				<lines><line number="2868"  hits="0" /></lines>
			</method>
			<method name="(anonymous_390)"  hits="0"  signature="()V" >
				<lines><line number="2872"  hits="0" /></lines>
			</method>
			<method name="(anonymous_391)"  hits="9"  signature="()V" >
				<lines><line number="2883"  hits="9" /></lines>
			</method>
			<method name="(anonymous_392)"  hits="9"  signature="()V" >
				<lines><line number="2885"  hits="9" /></lines>
			</method>
			<method name="CircleOptionsBuilder"  hits="0"  signature="()V" >
				<lines><line number="2888"  hits="0" /></lines>
			</method>
			<method name="(anonymous_394)"  hits="17"  signature="()V" >
				<lines><line number="2892"  hits="17" /></lines>
			</method>
			<method name="(anonymous_395)"  hits="1"  signature="()V" >
				<lines><line number="2906"  hits="1" /></lines>
			</method>
			<method name="(anonymous_396)"  hits="39"  signature="()V" >
				<lines><line number="2908"  hits="39" /></lines>
			</method>
			<method name="(anonymous_397)"  hits="32"  signature="()V" >
				<lines><line number="2910"  hits="32" /></lines>
			</method>
			<method name="(anonymous_398)"  hits="88"  signature="()V" >
				<lines><line number="2929"  hits="88" /></lines>
			</method>
			<method name="(anonymous_399)"  hits="1"  signature="()V" >
				<lines><line number="2940"  hits="1" /></lines>
			</method>
			<method name="(anonymous_400)"  hits="6"  signature="()V" >
				<lines><line number="2941"  hits="6" /></lines>
			</method>
			<method name="(anonymous_401)"  hits="0"  signature="()V" >
				<lines><line number="2941"  hits="0" /></lines>
			</method>
			<method name="(anonymous_402)"  hits="9"  signature="()V" >
				<lines><line number="2942"  hits="9" /></lines>
			</method>
			<method name="ctor"  hits="9"  signature="()V" >
				<lines><line number="2942"  hits="9" /></lines>
			</method>
			<method name="(anonymous_404)"  hits="9"  signature="()V" >
				<lines><line number="2946"  hits="9" /></lines>
			</method>
			<method name="(anonymous_405)"  hits="9"  signature="()V" >
				<lines><line number="2947"  hits="9" /></lines>
			</method>
			<method name="(anonymous_406)"  hits="9"  signature="()V" >
				<lines><line number="2949"  hits="9" /></lines>
			</method>
			<method name="BasePolyChildModel"  hits="6"  signature="()V" >
				<lines><line number="2954"  hits="6" /></lines>
			</method>
			<method name="(anonymous_408)"  hits="6"  signature="()V" >
				<lines><line number="2965"  hits="6" /></lines>
			</method>
			<method name="(anonymous_409)"  hits="0"  signature="()V" >
				<lines><line number="2966"  hits="0" /></lines>
			</method>
			<method name="(anonymous_410)"  hits="0"  signature="()V" >
				<lines><line number="2967"  hits="0" /></lines>
			</method>
			<method name="(anonymous_411)"  hits="6"  signature="()V" >
				<lines><line number="2972"  hits="6" /></lines>
			</method>
			<method name="(anonymous_412)"  hits="0"  signature="()V" >
				<lines><line number="2973"  hits="0" /></lines>
			</method>
			<method name="(anonymous_413)"  hits="6"  signature="()V" >
				<lines><line number="2978"  hits="6" /></lines>
			</method>
			<method name="(anonymous_414)"  hits="6"  signature="()V" >
				<lines><line number="2979"  hits="6" /></lines>
			</method>
			<method name="(anonymous_415)"  hits="0"  signature="()V" >
				<lines><line number="2995"  hits="0" /></lines>
			</method>
			<method name="(anonymous_416)"  hits="6"  signature="()V" >
				<lines><line number="3013"  hits="6" /></lines>
			</method>
			<method name="(anonymous_417)"  hits="6"  signature="()V" >
				<lines><line number="3014"  hits="6" /></lines>
			</method>
			<method name="(anonymous_418)"  hits="0"  signature="()V" >
				<lines><line number="3021"  hits="0" /></lines>
			</method>
			<method name="(anonymous_419)"  hits="0"  signature="()V" >
				<lines><line number="3022"  hits="0" /></lines>
			</method>
			<method name="(anonymous_420)"  hits="4"  signature="()V" >
				<lines><line number="3032"  hits="4" /></lines>
			</method>
			<method name="(anonymous_421)"  hits="4"  signature="()V" >
				<lines><line number="3033"  hits="4" /></lines>
			</method>
			<method name="(anonymous_422)"  hits="4"  signature="()V" >
				<lines><line number="3043"  hits="4" /></lines>
			</method>
			<method name="(anonymous_423)"  hits="4"  signature="()V" >
				<lines><line number="3044"  hits="4" /></lines>
			</method>
			<method name="(anonymous_424)"  hits="4"  signature="()V" >
				<lines><line number="3054"  hits="4" /></lines>
			</method>
			<method name="(anonymous_425)"  hits="4"  signature="()V" >
				<lines><line number="3055"  hits="4" /></lines>
			</method>
			<method name="(anonymous_426)"  hits="4"  signature="()V" >
				<lines><line number="3065"  hits="4" /></lines>
			</method>
			<method name="(anonymous_427)"  hits="4"  signature="()V" >
				<lines><line number="3066"  hits="4" /></lines>
			</method>
			<method name="(anonymous_428)"  hits="4"  signature="()V" >
				<lines><line number="3075"  hits="4" /></lines>
			</method>
			<method name="(anonymous_429)"  hits="4"  signature="()V" >
				<lines><line number="3076"  hits="4" /></lines>
			</method>
			<method name="(anonymous_430)"  hits="0"  signature="()V" >
				<lines><line number="3085"  hits="0" /></lines>
			</method>
			<method name="(anonymous_431)"  hits="0"  signature="()V" >
				<lines><line number="3086"  hits="0" /></lines>
			</method>
			<method name="(anonymous_432)"  hits="0"  signature="()V" >
				<lines><line number="3095"  hits="0" /></lines>
			</method>
			<method name="(anonymous_433)"  hits="0"  signature="()V" >
				<lines><line number="3096"  hits="0" /></lines>
			</method>
			<method name="(anonymous_434)"  hits="6"  signature="()V" >
				<lines><line number="3104"  hits="6" /></lines>
			</method>
			<method name="(anonymous_435)"  hits="0"  signature="()V" >
				<lines><line number="3105"  hits="0" /></lines>
			</method>
			<method name="(anonymous_436)"  hits="4"  signature="()V" >
				<lines><line number="3111"  hits="4" /></lines>
			</method>
			<method name="(anonymous_437)"  hits="4"  signature="()V" >
				<lines><line number="3112"  hits="4" /></lines>
			</method>
			<method name="(anonymous_438)"  hits="4"  signature="()V" >
				<lines><line number="3120"  hits="4" /></lines>
			</method>
			<method name="(anonymous_439)"  hits="4"  signature="()V" >
				<lines><line number="3121"  hits="4" /></lines>
			</method>
			<method name="(anonymous_440)"  hits="0"  signature="()V" >
				<lines><line number="3129"  hits="0" /></lines>
			</method>
			<method name="(anonymous_441)"  hits="0"  signature="()V" >
				<lines><line number="3130"  hits="0" /></lines>
			</method>
			<method name="(anonymous_442)"  hits="0"  signature="()V" >
				<lines><line number="3139"  hits="0" /></lines>
			</method>
			<method name="(anonymous_443)"  hits="1"  signature="()V" >
				<lines><line number="3165"  hits="1" /></lines>
			</method>
			<method name="(anonymous_444)"  hits="0"  signature="()V" >
				<lines><line number="3167"  hits="0" /></lines>
			</method>
			<method name="(anonymous_445)"  hits="0"  signature="()V" >
				<lines><line number="3169"  hits="0" /></lines>
			</method>
			<method name="(anonymous_446)"  hits="0"  signature="()V" >
				<lines><line number="3175"  hits="0" /></lines>
			</method>
			<method name="(anonymous_447)"  hits="0"  signature="()V" >
				<lines><line number="3178"  hits="0" /></lines>
			</method>
			<method name="(anonymous_448)"  hits="0"  signature="()V" >
				<lines><line number="3193"  hits="0" /></lines>
			</method>
			<method name="(anonymous_449)"  hits="0"  signature="()V" >
				<lines><line number="3196"  hits="0" /></lines>
			</method>
			<method name="(anonymous_450)"  hits="0"  signature="()V" >
				<lines><line number="3197"  hits="0" /></lines>
			</method>
			<method name="(anonymous_451)"  hits="0"  signature="()V" >
				<lines><line number="3209"  hits="0" /></lines>
			</method>
			<method name="(anonymous_452)"  hits="0"  signature="()V" >
				<lines><line number="3210"  hits="0" /></lines>
			</method>
			<method name="(anonymous_453)"  hits="0"  signature="()V" >
				<lines><line number="3221"  hits="0" /></lines>
			</method>
			<method name="(anonymous_454)"  hits="0"  signature="()V" >
				<lines><line number="3226"  hits="0" /></lines>
			</method>
			<method name="(anonymous_455)"  hits="0"  signature="()V" >
				<lines><line number="3227"  hits="0" /></lines>
			</method>
			<method name="(anonymous_456)"  hits="0"  signature="()V" >
				<lines><line number="3232"  hits="0" /></lines>
			</method>
			<method name="(anonymous_457)"  hits="1"  signature="()V" >
				<lines><line number="3245"  hits="1" /></lines>
			</method>
			<method name="(anonymous_458)"  hits="336"  signature="()V" >
				<lines><line number="3246"  hits="336" /></lines>
			</method>
			<method name="(anonymous_459)"  hits="180"  signature="()V" >
				<lines><line number="3246"  hits="180" /></lines>
			</method>
			<method name="(anonymous_460)"  hits="37"  signature="()V" >
				<lines><line number="3247"  hits="37" /></lines>
			</method>
			<method name="ctor"  hits="37"  signature="()V" >
				<lines><line number="3247"  hits="37" /></lines>
			</method>
			<method name="(anonymous_462)"  hits="37"  signature="()V" >
				<lines><line number="3251"  hits="37" /></lines>
			</method>
			<method name="(anonymous_463)"  hits="37"  signature="()V" >
				<lines><line number="3253"  hits="37" /></lines>
			</method>
			<method name="(anonymous_464)"  hits="2"  signature="()V" >
				<lines><line number="3264"  hits="2" /></lines>
			</method>
			<method name="MarkerChildModel"  hits="28"  signature="()V" >
				<lines><line number="3278"  hits="28" /></lines>
			</method>
			<method name="(anonymous_466)"  hits="28"  signature="()V" >
				<lines><line number="3303"  hits="28" /></lines>
			</method>
			<method name="(anonymous_467)"  hits="322"  signature="()V" >
				<lines><line number="3304"  hits="322" /></lines>
			</method>
			<method name="(anonymous_468)"  hits="28"  signature="()V" >
				<lines><line number="3317"  hits="28" /></lines>
			</method>
			<method name="(anonymous_469)"  hits="0"  signature="()V" >
				<lines><line number="3318"  hits="0" /></lines>
			</method>
			<method name="(anonymous_470)"  hits="25"  signature="()V" >
				<lines><line number="3325"  hits="25" /></lines>
			</method>
			<method name="(anonymous_471)"  hits="12"  signature="()V" >
				<lines><line number="3326"  hits="12" /></lines>
			</method>
			<method name="(anonymous_472)"  hits="3"  signature="()V" >
				<lines><line number="3333"  hits="3" /></lines>
			</method>
			<method name="(anonymous_473)"  hits="0"  signature="()V" >
				<lines><line number="3334"  hits="0" /></lines>
			</method>
			<method name="(anonymous_474)"  hits="24"  signature="()V" >
				<lines><line number="3343"  hits="24" /></lines>
			</method>
			<method name="(anonymous_475)"  hits="28"  signature="()V" >
				<lines><line number="3347"  hits="28" /></lines>
			</method>
			<method name="(anonymous_476)"  hits="2"  signature="()V" >
				<lines><line number="3348"  hits="2" /></lines>
			</method>
			<method name="(anonymous_477)"  hits="2"  signature="()V" >
				<lines><line number="3356"  hits="2" /></lines>
			</method>
			<method name="(anonymous_478)"  hits="1"  signature="()V" >
				<lines><line number="3364"  hits="1" /></lines>
			</method>
			<method name="(anonymous_479)"  hits="1"  signature="()V" >
				<lines><line number="3370"  hits="1" /></lines>
			</method>
			<method name="(anonymous_480)"  hits="0"  signature="()V" >
				<lines><line number="3371"  hits="0" /></lines>
			</method>
			<method name="(anonymous_481)"  hits="2"  signature="()V" >
				<lines><line number="3382"  hits="2" /></lines>
			</method>
			<method name="(anonymous_482)"  hits="34"  signature="()V" >
				<lines><line number="3387"  hits="34" /></lines>
			</method>
			<method name="(anonymous_483)"  hits="10"  signature="()V" >
				<lines><line number="3417"  hits="10" /></lines>
			</method>
			<method name="(anonymous_484)"  hits="2"  signature="()V" >
				<lines><line number="3439"  hits="2" /></lines>
			</method>
			<method name="(anonymous_485)"  hits="8"  signature="()V" >
				<lines><line number="3440"  hits="8" /></lines>
			</method>
			<method name="(anonymous_486)"  hits="30"  signature="()V" >
				<lines><line number="3455"  hits="30" /></lines>
			</method>
			<method name="(anonymous_487)"  hits="35"  signature="()V" >
				<lines><line number="3469"  hits="35" /></lines>
			</method>
			<method name="(anonymous_488)"  hits="34"  signature="()V" >
				<lines><line number="3485"  hits="34" /></lines>
			</method>
			<method name="(anonymous_489)"  hits="2"  signature="()V" >
				<lines><line number="3495"  hits="2" /></lines>
			</method>
			<method name="(anonymous_490)"  hits="2"  signature="()V" >
				<lines><line number="3502"  hits="2" /></lines>
			</method>
			<method name="(anonymous_491)"  hits="2"  signature="()V" >
				<lines><line number="3503"  hits="2" /></lines>
			</method>
			<method name="(anonymous_492)"  hits="2"  signature="()V" >
				<lines><line number="3519"  hits="2" /></lines>
			</method>
			<method name="(anonymous_493)"  hits="2"  signature="()V" >
				<lines><line number="3526"  hits="2" /></lines>
			</method>
			<method name="(anonymous_494)"  hits="2"  signature="()V" >
				<lines><line number="3527"  hits="2" /></lines>
			</method>
			<method name="(anonymous_495)"  hits="30"  signature="()V" >
				<lines><line number="3542"  hits="30" /></lines>
			</method>
			<method name="(anonymous_496)"  hits="30"  signature="()V" >
				<lines><line number="3550"  hits="30" /></lines>
			</method>
			<method name="(anonymous_497)"  hits="30"  signature="()V" >
				<lines><line number="3551"  hits="30" /></lines>
			</method>
			<method name="(anonymous_498)"  hits="2"  signature="()V" >
				<lines><line number="3587"  hits="2" /></lines>
			</method>
			<method name="(anonymous_499)"  hits="2"  signature="()V" >
				<lines><line number="3610"  hits="2" /></lines>
			</method>
			<method name="(anonymous_500)"  hits="30"  signature="()V" >
				<lines><line number="3617"  hits="30" /></lines>
			</method>
			<method name="(anonymous_501)"  hits="30"  signature="()V" >
				<lines><line number="3619"  hits="30" /></lines>
			</method>
			<method name="(anonymous_502)"  hits="0"  signature="()V" >
				<lines><line number="3620"  hits="0" /></lines>
			</method>
			<method name="(anonymous_503)"  hits="30"  signature="()V" >
				<lines><line number="3632"  hits="30" /></lines>
			</method>
			<method name="(anonymous_504)"  hits="2"  signature="()V" >
				<lines><line number="3633"  hits="2" /></lines>
			</method>
			<method name="(anonymous_505)"  hits="1"  signature="()V" >
				<lines><line number="3652"  hits="1" /></lines>
			</method>
			<method name="(anonymous_506)"  hits="6"  signature="()V" >
				<lines><line number="3653"  hits="6" /></lines>
			</method>
			<method name="ctor"  hits="6"  signature="()V" >
				<lines><line number="3653"  hits="6" /></lines>
			</method>
			<method name="(anonymous_508)"  hits="6"  signature="()V" >
				<lines><line number="3657"  hits="6" /></lines>
			</method>
			<method name="(anonymous_509)"  hits="4"  signature="()V" >
				<lines><line number="3659"  hits="4" /></lines>
			</method>
			<method name="(anonymous_510)"  hits="6"  signature="()V" >
				<lines><line number="3663"  hits="6" /></lines>
			</method>
			<method name="PolygonChildModel"  hits="4"  signature="()V" >
				<lines><line number="3666"  hits="4" /></lines>
			</method>
			<method name="(anonymous_512)"  hits="1"  signature="()V" >
				<lines><line number="3677"  hits="1" /></lines>
			</method>
			<method name="(anonymous_513)"  hits="3"  signature="()V" >
				<lines><line number="3678"  hits="3" /></lines>
			</method>
			<method name="ctor"  hits="3"  signature="()V" >
				<lines><line number="3678"  hits="3" /></lines>
			</method>
			<method name="(anonymous_515)"  hits="3"  signature="()V" >
				<lines><line number="3682"  hits="3" /></lines>
			</method>
			<method name="(anonymous_516)"  hits="2"  signature="()V" >
				<lines><line number="3684"  hits="2" /></lines>
			</method>
			<method name="(anonymous_517)"  hits="3"  signature="()V" >
				<lines><line number="3688"  hits="3" /></lines>
			</method>
			<method name="PolylineChildModel"  hits="2"  signature="()V" >
				<lines><line number="3691"  hits="2" /></lines>
			</method>
			<method name="(anonymous_519)"  hits="1"  signature="()V" >
				<lines><line number="3702"  hits="1" /></lines>
			</method>
			<method name="(anonymous_520)"  hits="52"  signature="()V" >
				<lines><line number="3703"  hits="52" /></lines>
			</method>
			<method name="(anonymous_521)"  hits="40"  signature="()V" >
				<lines><line number="3703"  hits="40" /></lines>
			</method>
			<method name="(anonymous_522)"  hits="7"  signature="()V" >
				<lines><line number="3704"  hits="7" /></lines>
			</method>
			<method name="ctor"  hits="7"  signature="()V" >
				<lines><line number="3704"  hits="7" /></lines>
			</method>
			<method name="(anonymous_524)"  hits="7"  signature="()V" >
				<lines><line number="3708"  hits="7" /></lines>
			</method>
			<method name="(anonymous_525)"  hits="7"  signature="()V" >
				<lines><line number="3710"  hits="7" /></lines>
			</method>
			<method name="WindowChildModel"  hits="4"  signature="()V" >
				<lines><line number="3717"  hits="4" /></lines>
			</method>
			<method name="(anonymous_527)"  hits="20"  signature="()V" >
				<lines><line number="3742"  hits="20" /></lines>
			</method>
			<method name="(anonymous_528)"  hits="4"  signature="()V" >
				<lines><line number="3758"  hits="4" /></lines>
			</method>
			<method name="(anonymous_529)"  hits="0"  signature="()V" >
				<lines><line number="3759"  hits="0" /></lines>
			</method>
			<method name="(anonymous_530)"  hits="8"  signature="()V" >
				<lines><line number="3766"  hits="8" /></lines>
			</method>
			<method name="(anonymous_531)"  hits="4"  signature="()V" >
				<lines><line number="3774"  hits="4" /></lines>
			</method>
			<method name="(anonymous_532)"  hits="4"  signature="()V" >
				<lines><line number="3782"  hits="4" /></lines>
			</method>
			<method name="(anonymous_533)"  hits="4"  signature="()V" >
				<lines><line number="3783"  hits="4" /></lines>
			</method>
			<method name="(anonymous_534)"  hits="0"  signature="()V" >
				<lines><line number="3784"  hits="0" /></lines>
			</method>
			<method name="(anonymous_535)"  hits="4"  signature="()V" >
				<lines><line number="3801"  hits="4" /></lines>
			</method>
			<method name="(anonymous_536)"  hits="0"  signature="()V" >
				<lines><line number="3826"  hits="0" /></lines>
			</method>
			<method name="(anonymous_537)"  hits="4"  signature="()V" >
				<lines><line number="3829"  hits="4" /></lines>
			</method>
			<method name="(anonymous_538)"  hits="0"  signature="()V" >
				<lines><line number="3830"  hits="0" /></lines>
			</method>
			<method name="(anonymous_539)"  hits="0"  signature="()V" >
				<lines><line number="3834"  hits="0" /></lines>
			</method>
			<method name="(anonymous_540)"  hits="4"  signature="()V" >
				<lines><line number="3856"  hits="4" /></lines>
			</method>
			<method name="(anonymous_541)"  hits="4"  signature="()V" >
				<lines><line number="3859"  hits="4" /></lines>
			</method>
			<method name="(anonymous_542)"  hits="0"  signature="()V" >
				<lines><line number="3860"  hits="0" /></lines>
			</method>
			<method name="(anonymous_543)"  hits="4"  signature="()V" >
				<lines><line number="3880"  hits="4" /></lines>
			</method>
			<method name="(anonymous_544)"  hits="4"  signature="()V" >
				<lines><line number="3881"  hits="4" /></lines>
			</method>
			<method name="(anonymous_545)"  hits="0"  signature="()V" >
				<lines><line number="3882"  hits="0" /></lines>
			</method>
			<method name="(anonymous_546)"  hits="4"  signature="()V" >
				<lines><line number="3898"  hits="4" /></lines>
			</method>
			<method name="(anonymous_547)"  hits="4"  signature="()V" >
				<lines><line number="3904"  hits="4" /></lines>
			</method>
			<method name="(anonymous_548)"  hits="0"  signature="()V" >
				<lines><line number="3905"  hits="0" /></lines>
			</method>
			<method name="(anonymous_549)"  hits="8"  signature="()V" >
				<lines><line number="3929"  hits="8" /></lines>
			</method>
			<method name="(anonymous_550)"  hits="8"  signature="()V" >
				<lines><line number="3935"  hits="8" /></lines>
			</method>
			<method name="(anonymous_551)"  hits="8"  signature="()V" >
				<lines><line number="3936"  hits="8" /></lines>
			</method>
			<method name="(anonymous_552)"  hits="0"  signature="()V" >
				<lines><line number="3960"  hits="0" /></lines>
			</method>
			<method name="(anonymous_553)"  hits="0"  signature="()V" >
				<lines><line number="3961"  hits="0" /></lines>
			</method>
			<method name="(anonymous_554)"  hits="0"  signature="()V" >
				<lines><line number="3983"  hits="0" /></lines>
			</method>
			<method name="(anonymous_555)"  hits="0"  signature="()V" >
				<lines><line number="3988"  hits="0" /></lines>
			</method>
			<method name="(anonymous_556)"  hits="0"  signature="()V" >
				<lines><line number="3994"  hits="0" /></lines>
			</method>
			<method name="(anonymous_557)"  hits="0"  signature="()V" >
				<lines><line number="4006"  hits="0" /></lines>
			</method>
			<method name="(anonymous_558)"  hits="0"  signature="()V" >
				<lines><line number="4014"  hits="0" /></lines>
			</method>
			<method name="(anonymous_559)"  hits="0"  signature="()V" >
				<lines><line number="4025"  hits="0" /></lines>
			</method>
			<method name="(anonymous_560)"  hits="1"  signature="()V" >
				<lines><line number="4038"  hits="1" /></lines>
			</method>
			<method name="(anonymous_561)"  hits="33"  signature="()V" >
				<lines><line number="4039"  hits="33" /></lines>
			</method>
			<method name="(anonymous_562)"  hits="3"  signature="()V" >
				<lines><line number="4039"  hits="3" /></lines>
			</method>
			<method name="(anonymous_563)"  hits="3"  signature="()V" >
				<lines><line number="4040"  hits="3" /></lines>
			</method>
			<method name="ctor"  hits="3"  signature="()V" >
				<lines><line number="4040"  hits="3" /></lines>
			</method>
			<method name="(anonymous_565)"  hits="3"  signature="()V" >
				<lines><line number="4044"  hits="3" /></lines>
			</method>
			<method name="(anonymous_566)"  hits="3"  signature="()V" >
				<lines><line number="4045"  hits="3" /></lines>
			</method>
			<method name="(anonymous_567)"  hits="3"  signature="()V" >
				<lines><line number="4047"  hits="3" /></lines>
			</method>
			<method name="BasePolysParentModel"  hits="3"  signature="()V" >
				<lines><line number="4052"  hits="3" /></lines>
			</method>
			<method name="(anonymous_569)"  hits="3"  signature="()V" >
				<lines><line number="4072"  hits="3" /></lines>
			</method>
			<method name="(anonymous_570)"  hits="42"  signature="()V" >
				<lines><line number="4073"  hits="42" /></lines>
			</method>
			<method name="(anonymous_571)"  hits="0"  signature="()V" >
				<lines><line number="4083"  hits="0" /></lines>
			</method>
			<method name="(anonymous_572)"  hits="0"  signature="()V" >
				<lines><line number="4089"  hits="0" /></lines>
			</method>
			<method name="(anonymous_573)"  hits="0"  signature="()V" >
				<lines><line number="4090"  hits="0" /></lines>
			</method>
			<method name="(anonymous_574)"  hits="0"  signature="()V" >
				<lines><line number="4102"  hits="0" /></lines>
			</method>
			<method name="(anonymous_575)"  hits="0"  signature="()V" >
				<lines><line number="4108"  hits="0" /></lines>
			</method>
			<method name="(anonymous_576)"  hits="0"  signature="()V" >
				<lines><line number="4109"  hits="0" /></lines>
			</method>
			<method name="(anonymous_577)"  hits="0"  signature="()V" >
				<lines><line number="4110"  hits="0" /></lines>
			</method>
			<method name="(anonymous_578)"  hits="0"  signature="()V" >
				<lines><line number="4118"  hits="0" /></lines>
			</method>
			<method name="(anonymous_579)"  hits="0"  signature="()V" >
				<lines><line number="4120"  hits="0" /></lines>
			</method>
			<method name="(anonymous_580)"  hits="0"  signature="()V" >
				<lines><line number="4121"  hits="0" /></lines>
			</method>
			<method name="(anonymous_581)"  hits="0"  signature="()V" >
				<lines><line number="4122"  hits="0" /></lines>
			</method>
			<method name="(anonymous_582)"  hits="0"  signature="()V" >
				<lines><line number="4124"  hits="0" /></lines>
			</method>
			<method name="(anonymous_583)"  hits="0"  signature="()V" >
				<lines><line number="4132"  hits="0" /></lines>
			</method>
			<method name="(anonymous_584)"  hits="0"  signature="()V" >
				<lines><line number="4133"  hits="0" /></lines>
			</method>
			<method name="(anonymous_585)"  hits="0"  signature="()V" >
				<lines><line number="4134"  hits="0" /></lines>
			</method>
			<method name="(anonymous_586)"  hits="3"  signature="()V" >
				<lines><line number="4140"  hits="3" /></lines>
			</method>
			<method name="(anonymous_587)"  hits="0"  signature="()V" >
				<lines><line number="4159"  hits="0" /></lines>
			</method>
			<method name="(anonymous_588)"  hits="0"  signature="()V" >
				<lines><line number="4161"  hits="0" /></lines>
			</method>
			<method name="(anonymous_589)"  hits="0"  signature="()V" >
				<lines><line number="4162"  hits="0" /></lines>
			</method>
			<method name="(anonymous_590)"  hits="0"  signature="()V" >
				<lines><line number="4171"  hits="0" /></lines>
			</method>
			<method name="(anonymous_591)"  hits="0"  signature="()V" >
				<lines><line number="4185"  hits="0" /></lines>
			</method>
			<method name="(anonymous_592)"  hits="0"  signature="()V" >
				<lines><line number="4187"  hits="0" /></lines>
			</method>
			<method name="(anonymous_593)"  hits="0"  signature="()V" >
				<lines><line number="4188"  hits="0" /></lines>
			</method>
			<method name="(anonymous_594)"  hits="0"  signature="()V" >
				<lines><line number="4189"  hits="0" /></lines>
			</method>
			<method name="(anonymous_595)"  hits="0"  signature="()V" >
				<lines><line number="4198"  hits="0" /></lines>
			</method>
			<method name="(anonymous_596)"  hits="0"  signature="()V" >
				<lines><line number="4206"  hits="0" /></lines>
			</method>
			<method name="(anonymous_597)"  hits="0"  signature="()V" >
				<lines><line number="4218"  hits="0" /></lines>
			</method>
			<method name="(anonymous_598)"  hits="0"  signature="()V" >
				<lines><line number="4220"  hits="0" /></lines>
			</method>
			<method name="(anonymous_599)"  hits="0"  signature="()V" >
				<lines><line number="4221"  hits="0" /></lines>
			</method>
			<method name="(anonymous_600)"  hits="0"  signature="()V" >
				<lines><line number="4222"  hits="0" /></lines>
			</method>
			<method name="(anonymous_601)"  hits="0"  signature="()V" >
				<lines><line number="4224"  hits="0" /></lines>
			</method>
			<method name="(anonymous_602)"  hits="0"  signature="()V" >
				<lines><line number="4227"  hits="0" /></lines>
			</method>
			<method name="(anonymous_603)"  hits="0"  signature="()V" >
				<lines><line number="4232"  hits="0" /></lines>
			</method>
			<method name="(anonymous_604)"  hits="0"  signature="()V" >
				<lines><line number="4239"  hits="0" /></lines>
			</method>
			<method name="(anonymous_605)"  hits="0"  signature="()V" >
				<lines><line number="4240"  hits="0" /></lines>
			</method>
			<method name="(anonymous_606)"  hits="0"  signature="()V" >
				<lines><line number="4246"  hits="0" /></lines>
			</method>
			<method name="(anonymous_607)"  hits="0"  signature="()V" >
				<lines><line number="4258"  hits="0" /></lines>
			</method>
			<method name="(anonymous_608)"  hits="0"  signature="()V" >
				<lines><line number="4262"  hits="0" /></lines>
			</method>
			<method name="(anonymous_609)"  hits="0"  signature="()V" >
				<lines><line number="4263"  hits="0" /></lines>
			</method>
			<method name="(anonymous_610)"  hits="0"  signature="()V" >
				<lines><line number="4270"  hits="0" /></lines>
			</method>
			<method name="(anonymous_611)"  hits="0"  signature="()V" >
				<lines><line number="4271"  hits="0" /></lines>
			</method>
			<method name="(anonymous_612)"  hits="0"  signature="()V" >
				<lines><line number="4283"  hits="0" /></lines>
			</method>
			<method name="(anonymous_613)"  hits="0"  signature="()V" >
				<lines><line number="4285"  hits="0" /></lines>
			</method>
			<method name="(anonymous_614)"  hits="1"  signature="()V" >
				<lines><line number="4303"  hits="1" /></lines>
			</method>
			<method name="(anonymous_615)"  hits="9"  signature="()V" >
				<lines><line number="4304"  hits="9" /></lines>
			</method>
			<method name="ctor"  hits="9"  signature="()V" >
				<lines><line number="4304"  hits="9" /></lines>
			</method>
			<method name="(anonymous_617)"  hits="9"  signature="()V" >
				<lines><line number="4308"  hits="9" /></lines>
			</method>
			<method name="(anonymous_618)"  hits="11"  signature="()V" >
				<lines><line number="4310"  hits="11" /></lines>
			</method>
			<method name="(anonymous_619)"  hits="10"  signature="()V" >
				<lines><line number="4313"  hits="10" /></lines>
			</method>
[...]
			<line number="14831"  hits="1"  branch="false" />
			<line number="14832"  hits="1"  branch="true"  condition-coverage="100% (4/4)" />
			<line number="14833"  hits="1"  branch="false" />
			<line number="14835"  hits="1"  branch="false" />
			<line number="14836"  hits="1"  branch="true"  condition-coverage="100% (2/2)" />
			<line number="14837"  hits="1"  branch="false" />
			<line number="14842"  hits="1"  branch="false" />
			<line number="14845"  hits="1"  branch="true"  condition-coverage="100% (2/2)" />
			<line number="14846"  hits="1"  branch="false" />
			<line number="14848"  hits="1"  branch="false" />
			<line number="14853"  hits="19"  branch="false" />
			<line number="14854"  hits="1"  branch="false" />
			<line number="14855"  hits="1"  branch="true"  condition-coverage="100% (2/2)" />
			<line number="14856"  hits="1"  branch="false" />
			<line number="14858"  hits="1"  branch="true"  condition-coverage="100% (2/2)" />
			<line number="14859"  hits="1"  branch="false" />
			<line number="14861"  hits="1"  branch="false" />
			<line number="14862"  hits="1"  branch="false" />
			<line number="14863"  hits="1"  branch="false" />
			<line number="14864"  hits="1"  branch="false" />
			<line number="14865"  hits="1"  branch="false" />
			<line number="14866"  hits="1"  branch="false" />
			<line number="14867"  hits="1"  branch="false" />
			<line number="14868"  hits="1"  branch="true"  condition-coverage="100% (5/5)" />
			<line number="14869"  hits="1"  branch="false" />
			<line number="14871"  hits="1"  branch="true"  condition-coverage="100% (4/4)" />
			<line number="14872"  hits="1"  branch="true"  condition-coverage="100% (2/2)" />
			<line number="14873"  hits="1"  branch="false" />
			<line number="14874"  hits="1"  branch="true"  condition-coverage="100% (2/2)" />
			<line number="14875"  hits="1"  branch="false" />
			<line number="14879"  hits="1"  branch="false" />
			<line number="14882"  hits="19"  branch="false" />
			<line number="14883"  hits="1"  branch="false" />
			<line number="14884"  hits="1"  branch="true"  condition-coverage="100% (2/2)" />
			<line number="14885"  hits="1"  branch="false" />
			<line number="14887"  hits="1"  branch="false" />
			<line number="14888"  hits="1"  branch="false" />
			<line number="14889"  hits="1"  branch="false" />
			<line number="14890"  hits="1"  branch="false" />
			<line number="14891"  hits="1"  branch="false" />
			<line number="14892"  hits="1"  branch="false" />
			<line number="14893"  hits="1"  branch="false" />
			<line number="14894"  hits="1"  branch="false" />
			<line number="14895"  hits="1"  branch="false" />
			<line number="14900"  hits="1"  branch="false" />
			<line number="14902"  hits="1"  branch="false" />
			<line number="14903"  hits="1"  branch="false" />
			<line number="14904"  hits="1"  branch="false" />
			<line number="14905"  hits="1"  branch="true"  condition-coverage="100% (4/4)" />
			<line number="14906"  hits="1"  branch="false" />
			<line number="14908"  hits="1"  branch="false" />
			<line number="14909"  hits="1"  branch="true"  condition-coverage="100% (2/2)" />
			<line number="14910"  hits="1"  branch="false" />
			<line number="14912"  hits="1"  branch="false" />
			<line number="14913"  hits="1"  branch="false" />
			<line number="14914"  hits="1"  branch="false" />
			<line number="14915"  hits="1"  branch="true"  condition-coverage="100% (2/2)" />
			<line number="14916"  hits="1"  branch="false" />
			<line number="14918"  hits="1"  branch="true"  condition-coverage="100% (4/4)" />
			<line number="14919"  hits="1"  branch="false" />
			<line number="14921"  hits="1"  branch="false" />
			<line number="14922"  hits="1"  branch="true"  condition-coverage="100% (4/4)" />
			<line number="14923"  hits="1"  branch="false" />
			<line number="14925"  hits="1"  branch="true"  condition-coverage="100% (2/2)" />
			<line number="14926"  hits="1"  branch="false" />
			<line number="14927"  hits="1"  branch="false" />
			<line number="14931"  hits="1"  branch="false" />
			<line number="14932"  hits="1"  branch="false" />
			<line number="14933"  hits="1"  branch="false" />
			<line number="14934"  hits="1"  branch="false" />
			<line number="14935"  hits="1"  branch="true"  condition-coverage="100% (2/2)" />
			<line number="14936"  hits="1"  branch="false" />
			<line number="14939"  hits="1"  branch="false" />
			<line number="14942"  hits="19"  branch="false" />
			<line number="14943"  hits="1"  branch="false" />
			<line number="14945"  hits="1"  branch="false" />
			<line number="14946"  hits="1"  branch="false" />
			<line number="14953"  hits="1"  branch="false" />
			<line number="14954"  hits="1"  branch="false" />
			<line number="14963"  hits="19"  branch="false" />
			<line number="14964"  hits="1"  branch="false" />
			<line number="14965"  hits="1"  branch="true"  condition-coverage="100% (4/4)" />
			<line number="14966"  hits="1"  branch="false" />
			<line number="14968"  hits="1"  branch="false" />
			<line number="14969"  hits="1"  branch="false" />
			<line number="14970"  hits="1"  branch="false" />
			<line number="14971"  hits="1"  branch="false" />
			<line number="14972"  hits="1"  branch="false" />
			<line number="14973"  hits="1"  branch="false" />
			<line number="14974"  hits="1"  branch="false" />
			<line number="14975"  hits="1"  branch="false" />
			<line number="14977"  hits="1"  branch="false" />
			<line number="14979"  hits="1"  branch="true"  condition-coverage="100% (2/2)" />
			<line number="14980"  hits="1"  branch="false" />
			<line number="14981"  hits="1"  branch="false" />
			<line number="14982"  hits="1"  branch="false" />
			<line number="14983"  hits="1"  branch="false" />
			<line number="14984"  hits="1"  branch="false" />
			<line number="14985"  hits="1"  branch="false" />
			<line number="14986"  hits="1"  branch="false" />
			<line number="14987"  hits="1"  branch="false" />
			<line number="14988"  hits="1"  branch="false" />
			<line number="14991"  hits="1"  branch="false" />
			<line number="14992"  hits="1"  branch="false" />
			<line number="14999"  hits="1"  branch="false" />
			<line number="15003"  hits="1"  branch="true"  condition-coverage="100% (2/2)" />
			<line number="15004"  hits="1"  branch="false" />
			<line number="15005"  hits="1"  branch="false" />
			<line number="15010"  hits="1"  branch="false" />
			<line number="15011"  hits="1"  branch="false" />
			<line number="15012"  hits="1"  branch="false" />
			<line number="15014"  hits="1"  branch="false" />
			<line number="15016"  hits="1"  branch="false" />
			<line number="15017"  hits="1"  branch="false" />
			<line number="15018"  hits="1"  branch="false" />
			<line number="15021"  hits="19"  branch="false" />
			<line number="15022"  hits="1"  branch="false" />
			<line number="15023"  hits="1"  branch="true"  condition-coverage="100% (2/2)" />
			<line number="15024"  hits="1"  branch="false" />
			<line number="15026"  hits="1"  branch="true"  condition-coverage="100% (2/2)" />
			<line number="15027"  hits="1"  branch="false" />
			<line number="15029"  hits="1"  branch="false" />
			<line number="15030"  hits="1"  branch="false" />
			<line number="15031"  hits="1"  branch="false" />
			<line number="15032"  hits="1"  branch="false" />
			<line number="15033"  hits="1"  branch="false" />
			<line number="15034"  hits="1"  branch="false" />
			<line number="15035"  hits="1"  branch="true"  condition-coverage="100% (2/2)" />
			<line number="15036"  hits="1"  branch="false" />
			<line number="15037"  hits="1"  branch="true"  condition-coverage="100% (2/2)" />
			<line number="15038"  hits="1"  branch="false" />
			<line number="15040"  hits="1"  branch="false" />
			<line number="15041"  hits="1"  branch="false" />
			<line number="15042"  hits="1"  branch="true"  condition-coverage="100% (2/2)" />
			<line number="15043"  hits="1"  branch="false" />
			<line number="15044"  hits="1"  branch="false" />
			<line number="15046"  hits="1"  branch="false" />
			<line number="15047"  hits="1"  branch="false" />
			<line number="15049"  hits="1"  branch="false" />
			<line number="15052"  hits="1"  branch="false" />
			<line number="15053"  hits="1"  branch="false" />
			<line number="15054"  hits="1"  branch="false" />
			<line number="15055"  hits="1"  branch="false" />
			<line number="15058"  hits="19"  branch="false" />
			<line number="15059"  hits="1"  branch="false" />
			<line number="15060"  hits="1"  branch="false" />
			<line number="15061"  hits="1"  branch="false" />
			<line number="15062"  hits="1"  branch="false" />
			<line number="15065"  hits="19"  branch="false" />
			<line number="15066"  hits="1"  branch="false" />
			<line number="15067"  hits="1"  branch="false" />
			<line number="15068"  hits="1"  branch="false" />
			<line number="15069"  hits="1"  branch="false" />
			<line number="15070"  hits="1"  branch="false" />
			<line number="15071"  hits="1"  branch="false" />
			<line number="15073"  hits="1"  branch="false" />
			<line number="15074"  hits="1"  branch="false" />
			<line number="15077"  hits="19"  branch="false" />
			<line number="15078"  hits="1"  branch="false" />
			<line number="15081"  hits="19"  branch="false" />
			<line number="15082"  hits="1"  branch="false" />
			<line number="15085"  hits="19"  branch="false" />
			<line number="15086"  hits="1"  branch="false" />
			<line number="15087"  hits="1"  branch="false" />
			<line number="15088"  hits="1"  branch="false" />
			<line number="15089"  hits="1"  branch="false" />
			<line number="15090"  hits="1"  branch="true"  condition-coverage="100% (5/5)" />
			<line number="15091"  hits="1"  branch="false" />
			<line number="15092"  hits="1"  branch="false" />
			<line number="15095"  hits="1"  branch="false" />
			<line number="15098"  hits="19"  branch="false" />
			<line number="15099"  hits="1"  branch="false" />
			<line number="15100"  hits="1"  branch="true"  condition-coverage="100% (2/2)" />
			<line number="15101"  hits="1"  branch="false" />
			<line number="15103"  hits="1"  branch="false" />
			<line number="15104"  hits="1"  branch="false" />
			<line number="15105"  hits="1"  branch="true"  condition-coverage="100% (2/2)" />
			<line number="15106"  hits="1"  branch="false" />
			<line number="15109"  hits="1"  branch="false" />
			<line number="15112"  hits="19"  branch="false" />
			<line number="15118"  hits="19"  branch="false" />
			<line number="15119"  hits="8"  branch="false" />
			<line number="15121"  hits="19"  branch="false" />
			<line number="15128"  hits="1"  branch="false" />
			<line number="15130"  hits="47"  branch="false" />
			<line number="15132"  hits="46"  branch="false" />
			<line number="15133"  hits="46"  branch="false" />
			<line number="15135"  hits="92"  branch="false" />
			<line number="15136"  hits="276"  branch="true"  condition-coverage="50% (1/2)" />
			<line number="15138"  hits="1"  branch="false" />
			<line number="15139"  hits="92"  branch="false" />
			<line number="15142"  hits="92"  branch="false" />
			<line number="15143"  hits="92"  branch="false" />
			<line number="15144"  hits="92"  branch="false" />
			<line number="15145"  hits="92"  branch="false" />
			<line number="15148"  hits="46"  branch="false" />
			<line number="15149"  hits="46"  branch="false" />
			<line number="15151"  hits="1"  branch="false" />
			<line number="15152"  hits="0"  branch="false" />
			<line number="15153"  hits="0"  branch="false" />
			<line number="15163"  hits="46"  branch="false" />
			<line number="15164"  hits="0"  branch="false" />
			<line number="15165"  hits="0"  branch="false" />
			<line number="15166"  hits="0"  branch="false" />
			<line number="15168"  hits="0"  branch="true"  condition-coverage="0% (0/2)" />
			<line number="15169"  hits="0"  branch="false" />
			<line number="15170"  hits="0"  branch="true"  condition-coverage="0% (0/4)" />
			<line number="15171"  hits="0"  branch="false" />
			<line number="15174"  hits="0"  branch="true"  condition-coverage="0% (0/2)" />
			<line number="15175"  hits="0"  branch="false" />
			<line number="15176"  hits="0"  branch="false" />
			<line number="15178"  hits="0"  branch="true"  condition-coverage="0% (0/2)" />
			<line number="15179"  hits="0"  branch="false" />
			<line number="15180"  hits="0"  branch="false" />
			<line number="15181"  hits="0"  branch="false" />
			<line number="15182"  hits="0"  branch="false" />
			<line number="15183"  hits="0"  branch="false" />
			<line number="15186"  hits="0"  branch="false" />
			<line number="15187"  hits="0"  branch="false" />
			<line number="15189"  hits="0"  branch="false" />
			<line number="15190"  hits="0"  branch="false" />
			<line number="15191"  hits="0"  branch="true"  condition-coverage="0% (0/4)" />
			<line number="15193"  hits="0"  branch="true"  condition-coverage="0% (0/2)" />
			<line number="15194"  hits="0"  branch="false" />
			<line number="15196"  hits="0"  branch="true"  condition-coverage="0% (0/2)" />
			<line number="15198"  hits="0"  branch="true"  condition-coverage="0% (0/2)" />
			<line number="15199"  hits="0"  branch="false" />
			<line number="15201"  hits="0"  branch="true"  condition-coverage="0% (0/2)" />
			<line number="15203"  hits="0"  branch="false" />
			<line number="15204"  hits="0"  branch="false" />
			<line number="15207"  hits="0"  branch="false" />
			<line number="15211"  hits="0"  branch="false" />
			<line number="15220"  hits="46"  branch="false" />
			<line number="15221"  hits="0"  branch="false" />
			<line number="15231"  hits="46"  branch="false" />
			<line number="15232"  hits="0"  branch="false" />
			<line number="15233"  hits="0"  branch="false" />
			<line number="15234"  hits="0"  branch="false" />
			<line number="15235"  hits="0"  branch="false" />
			<line number="15237"  hits="0"  branch="false" />
			<line number="15246"  hits="46"  branch="false" />
			<line number="15247"  hits="0"  branch="false" />
			<line number="15248"  hits="0"  branch="false" />
			<line number="15249"  hits="0"  branch="false" />
			<line number="15253"  hits="46"  branch="false" />
			<line number="15258"  hits="46"  branch="false" />
			<line number="15259"  hits="46"  branch="false" />
			<line number="15261"  hits="1"  branch="false" />
			<line number="15262"  hits="10"  branch="false" />
			<line number="15263"  hits="10"  branch="false" />
			<line number="15270"  hits="46"  branch="false" />
			<line number="15271"  hits="0"  branch="false" />
			<line number="15272"  hits="0"  branch="false" />
			<line number="15280"  hits="46"  branch="false" />
			<line number="15281"  hits="0"  branch="true"  condition-coverage="0% (0/2)" />
			<line number="15282"  hits="0"  branch="false" />
			<line number="15284"  hits="0"  branch="false" />
			<line number="15285"  hits="0"  branch="false" />
			<line number="15286"  hits="0"  branch="false" />
			<line number="15296"  hits="46"  branch="false" />
			<line number="15297"  hits="0"  branch="false" />
			<line number="15298"  hits="0"  branch="false" />
			<line number="15299"  hits="0"  branch="false" />
			<line number="15300"  hits="0"  branch="true"  condition-coverage="0% (0/2)" />
			<line number="15301"  hits="0"  branch="false" />
			<line number="15305"  hits="0"  branch="true"  condition-coverage="0% (0/2)" />
			<line number="15313"  hits="0"  branch="false" />
			<line number="15315"  hits="0"  branch="true"  condition-coverage="0% (0/2)" />
			<line number="15316"  hits="0"  branch="false" />
			<line number="15317"  hits="0"  branch="false" />
			<line number="15325"  hits="0"  branch="true"  condition-coverage="0% (0/2)" />
			<line number="15326"  hits="0"  branch="false" />
			<line number="15329"  hits="0"  branch="false" />
			<line number="15331"  hits="0"  branch="false" />
			<line number="15333"  hits="0"  branch="false" />
			<line number="15335"  hits="0"  branch="false" />
			<line number="15336"  hits="0"  branch="false" />
			<line number="15337"  hits="0"  branch="false" />
			<line number="15338"  hits="0"  branch="true"  condition-coverage="0% (0/4)" />
			<line number="15339"  hits="0"  branch="true"  condition-coverage="0% (0/5)" />
			<line number="15340"  hits="0"  branch="false" />
			<line number="15345"  hits="0"  branch="true"  condition-coverage="0% (0/2)" />
			<line number="15346"  hits="0"  branch="false" />
			<line number="15347"  hits="0"  branch="false" />
			<line number="15352"  hits="0"  branch="false" />
			<line number="15353"  hits="0"  branch="false" />
			<line number="15356"  hits="0"  branch="false" />
			<line number="15365"  hits="0"  branch="false" />
			<line number="15374"  hits="46"  branch="false" />
			<line number="15375"  hits="0"  branch="false" />
			<line number="15376"  hits="0"  branch="false" />
			<line number="15377"  hits="0"  branch="false" />
			<line number="15378"  hits="0"  branch="false" />
			<line number="15379"  hits="0"  branch="false" />
			<line number="15380"  hits="0"  branch="false" />
			<line number="15381"  hits="0"  branch="true"  condition-coverage="0% (0/2)" />
			<line number="15382"  hits="0"  branch="false" />
			<line number="15383"  hits="0"  branch="true"  condition-coverage="0% (0/2)" />
			<line number="15384"  hits="0"  branch="false" />
			<line number="15385"  hits="0"  branch="false" />
			<line number="15390"  hits="0"  branch="true"  condition-coverage="0% (0/4)" />
			<line number="15391"  hits="0"  branch="false" />
			<line number="15393"  hits="0"  branch="false" />
			<line number="15394"  hits="0"  branch="false" />
			<line number="15395"  hits="0"  branch="false" />
			<line number="15402"  hits="46"  branch="false" />
			<line number="15403"  hits="0"  branch="false" />
			<line number="15414"  hits="46"  branch="false" />
			<line number="15415"  hits="0"  branch="false" />
			<line number="15417"  hits="0"  branch="false" />
			<line number="15418"  hits="0"  branch="false" />
			<line number="15420"  hits="0"  branch="false" />
			<line number="15423"  hits="0"  branch="false" />
			<line number="15424"  hits="0"  branch="false" />
			<line number="15425"  hits="0"  branch="true"  condition-coverage="0% (0/2)" />
			<line number="15426"  hits="0"  branch="false" />
			<line number="15439"  hits="46"  branch="false" />
			<line number="15440"  hits="10"  branch="false" />
			<line number="15441"  hits="10"  branch="false" />
			<line number="15442"  hits="10"  branch="false" />
			<line number="15443"  hits="10"  branch="true"  condition-coverage="50% (1/2)" />
			<line number="15444"  hits="10"  branch="false" />
			<line number="15446"  hits="10"  branch="false" />
			<line number="15457"  hits="46"  branch="false" />
			<line number="15458"  hits="0"  branch="true"  condition-coverage="0% (0/2)" />
			<line number="15459"  hits="0"  branch="false" />
			<line number="15461"  hits="0"  branch="false" />
			<line number="15462"  hits="0"  branch="false" />
			<line number="15463"  hits="0"  branch="false" />
			<line number="15464"  hits="0"  branch="false" />
			<line number="15465"  hits="0"  branch="false" />
			<line number="15466"  hits="0"  branch="false" />
			<line number="15467"  hits="0"  branch="true"  condition-coverage="0% (0/2)" />
			<line number="15468"  hits="0"  branch="false" />
			<line number="15473"  hits="0"  branch="false" />
			<line number="15476"  hits="0"  branch="false" />
			<line number="15477"  hits="0"  branch="false" />
			<line number="15491"  hits="0"  branch="true"  condition-coverage="0% (0/4)" />
			<line number="15492"  hits="0"  branch="false" />
			<line number="15494"  hits="0"  branch="false" />
			<line number="15496"  hits="0"  branch="false" />
			<line number="15498"  hits="0"  branch="false" />
			<line number="15503"  hits="46"  branch="false" />
		</lines>
		</class>
	</classes>
	</package>
</packages>
</coverage>
